[2023-04-11T00:33:58.887+0000] {taskinstance.py:1165} INFO - Dependencies all met for <TaskInstance: api_dag.create_table scheduled__2023-04-10T00:00:00+00:00 [queued]>
[2023-04-11T00:33:58.934+0000] {taskinstance.py:1165} INFO - Dependencies all met for <TaskInstance: api_dag.create_table scheduled__2023-04-10T00:00:00+00:00 [queued]>
[2023-04-11T00:33:58.939+0000] {taskinstance.py:1362} INFO - 
--------------------------------------------------------------------------------
[2023-04-11T00:33:58.957+0000] {taskinstance.py:1363} INFO - Starting attempt 1 of 2
[2023-04-11T00:33:58.965+0000] {taskinstance.py:1364} INFO - 
--------------------------------------------------------------------------------
[2023-04-11T00:33:59.123+0000] {taskinstance.py:1383} INFO - Executing <Task(PostgresOperator): create_table> on 2023-04-10 00:00:00+00:00
[2023-04-11T00:33:59.163+0000] {standard_task_runner.py:55} INFO - Started process 30505 to run task
[2023-04-11T00:33:59.190+0000] {standard_task_runner.py:82} INFO - Running: ['***', 'tasks', 'run', 'api_dag', 'create_table', 'scheduled__2023-04-10T00:00:00+00:00', '--job-id', '105', '--raw', '--subdir', 'DAGS_FOLDER/api.py', '--cfg-path', '/tmp/tmplyk6r___']
[2023-04-11T00:33:59.208+0000] {standard_task_runner.py:83} INFO - Job 105: Subtask create_table
[2023-04-11T00:33:59.579+0000] {task_command.py:376} INFO - Running <TaskInstance: api_dag.create_table scheduled__2023-04-10T00:00:00+00:00 [running]> on host c12a518d534c
[2023-04-11T00:33:59.846+0000] {taskinstance.py:1592} INFO - Exporting the following env vars:
AIRFLOW_CTX_DAG_OWNER=***
AIRFLOW_CTX_DAG_ID=api_dag
AIRFLOW_CTX_TASK_ID=create_table
AIRFLOW_CTX_EXECUTION_DATE=2023-04-10T00:00:00+00:00
AIRFLOW_CTX_TRY_NUMBER=1
AIRFLOW_CTX_DAG_RUN_ID=scheduled__2023-04-10T00:00:00+00:00
[2023-04-11T00:33:59.886+0000] {base.py:71} INFO - Using connection ID 'postgres' for task execution.
[2023-04-11T00:33:59.915+0000] {sql.py:315} INFO - Running statement: Drop table user_details;

CREATE TABLE IF NOT EXISTS user_details (
    firstname VARCHAR NOT NULL,
    lastname VARCHAR NOT NULL,
    country VARCHAR NOT NULL,
    username VARCHAR UNIQUE NOT NULL,
    password VARCHAR NOT NULL,
    email VARCHAR UNIQUE NOT NULL);, parameters: None
[2023-04-11T00:34:00.007+0000] {taskinstance.py:1406} INFO - Marking task as SUCCESS. dag_id=api_dag, task_id=create_table, execution_date=20230410T000000, start_date=20230411T003358, end_date=20230411T003400
[2023-04-11T00:34:00.130+0000] {local_task_job.py:164} INFO - Task exited with return code 0
[2023-04-11T00:34:00.299+0000] {local_task_job.py:273} INFO - 1 downstream tasks scheduled from follow-on schedule check
[2023-04-11T17:26:36.450+0000] {taskinstance.py:1165} INFO - Dependencies all met for <TaskInstance: api_dag.create_table scheduled__2023-04-10T00:00:00+00:00 [queued]>
[2023-04-11T17:26:36.578+0000] {taskinstance.py:1165} INFO - Dependencies all met for <TaskInstance: api_dag.create_table scheduled__2023-04-10T00:00:00+00:00 [queued]>
[2023-04-11T17:26:36.589+0000] {taskinstance.py:1362} INFO - 
--------------------------------------------------------------------------------
[2023-04-11T17:26:36.597+0000] {taskinstance.py:1363} INFO - Starting attempt 1 of 2
[2023-04-11T17:26:36.603+0000] {taskinstance.py:1364} INFO - 
--------------------------------------------------------------------------------
[2023-04-11T17:26:36.846+0000] {taskinstance.py:1383} INFO - Executing <Task(PostgresOperator): create_table> on 2023-04-10 00:00:00+00:00
[2023-04-11T17:26:36.923+0000] {standard_task_runner.py:55} INFO - Started process 39675 to run task
[2023-04-11T17:26:36.990+0000] {standard_task_runner.py:82} INFO - Running: ['***', 'tasks', 'run', 'api_dag', 'create_table', 'scheduled__2023-04-10T00:00:00+00:00', '--job-id', '112', '--raw', '--subdir', 'DAGS_FOLDER/api.py', '--cfg-path', '/tmp/tmphl5y_p65']
[2023-04-11T17:26:37.001+0000] {standard_task_runner.py:83} INFO - Job 112: Subtask create_table
[2023-04-11T17:26:37.360+0000] {task_command.py:376} INFO - Running <TaskInstance: api_dag.create_table scheduled__2023-04-10T00:00:00+00:00 [running]> on host c12a518d534c
[2023-04-11T17:26:37.724+0000] {taskinstance.py:1592} INFO - Exporting the following env vars:
AIRFLOW_CTX_DAG_OWNER=***
AIRFLOW_CTX_DAG_ID=api_dag
AIRFLOW_CTX_TASK_ID=create_table
AIRFLOW_CTX_EXECUTION_DATE=2023-04-10T00:00:00+00:00
AIRFLOW_CTX_TRY_NUMBER=1
AIRFLOW_CTX_DAG_RUN_ID=scheduled__2023-04-10T00:00:00+00:00
[2023-04-11T17:26:37.796+0000] {base.py:71} INFO - Using connection ID 'postgres' for task execution.
[2023-04-11T17:26:37.836+0000] {sql.py:315} INFO - Running statement: Drop table user_details;

CREATE TABLE IF NOT EXISTS user_details (
    firstname VARCHAR NOT NULL,
    lastname VARCHAR NOT NULL,
    country VARCHAR NOT NULL,
    username VARCHAR UNIQUE NOT NULL,
    password VARCHAR NOT NULL,
    email VARCHAR UNIQUE NOT NULL);, parameters: None
[2023-04-11T17:26:37.939+0000] {taskinstance.py:1406} INFO - Marking task as SUCCESS. dag_id=api_dag, task_id=create_table, execution_date=20230410T000000, start_date=20230411T172636, end_date=20230411T172637
[2023-04-11T17:26:38.109+0000] {local_task_job.py:164} INFO - Task exited with return code 0
[2023-04-11T17:26:38.325+0000] {local_task_job.py:273} INFO - 0 downstream tasks scheduled from follow-on schedule check
