[2023-04-11T00:34:17.658+0000] {taskinstance.py:1165} INFO - Dependencies all met for <TaskInstance: api_dag.store_user scheduled__2023-04-10T00:00:00+00:00 [queued]>
[2023-04-11T00:34:17.675+0000] {taskinstance.py:1165} INFO - Dependencies all met for <TaskInstance: api_dag.store_user scheduled__2023-04-10T00:00:00+00:00 [queued]>
[2023-04-11T00:34:17.677+0000] {taskinstance.py:1362} INFO - 
--------------------------------------------------------------------------------
[2023-04-11T00:34:17.678+0000] {taskinstance.py:1363} INFO - Starting attempt 1 of 2
[2023-04-11T00:34:17.680+0000] {taskinstance.py:1364} INFO - 
--------------------------------------------------------------------------------
[2023-04-11T00:34:17.697+0000] {taskinstance.py:1383} INFO - Executing <Task(PythonOperator): store_user> on 2023-04-10 00:00:00+00:00
[2023-04-11T00:34:17.724+0000] {standard_task_runner.py:55} INFO - Started process 30526 to run task
[2023-04-11T00:34:17.742+0000] {standard_task_runner.py:82} INFO - Running: ['***', 'tasks', 'run', 'api_dag', 'store_user', 'scheduled__2023-04-10T00:00:00+00:00', '--job-id', '109', '--raw', '--subdir', 'DAGS_FOLDER/api.py', '--cfg-path', '/tmp/tmp2h7z7iub']
[2023-04-11T00:34:17.752+0000] {standard_task_runner.py:83} INFO - Job 109: Subtask store_user
[2023-04-11T00:34:17.996+0000] {task_command.py:376} INFO - Running <TaskInstance: api_dag.store_user scheduled__2023-04-10T00:00:00+00:00 [running]> on host c12a518d534c
[2023-04-11T00:34:18.181+0000] {taskinstance.py:1592} INFO - Exporting the following env vars:
AIRFLOW_CTX_DAG_OWNER=***
AIRFLOW_CTX_DAG_ID=api_dag
AIRFLOW_CTX_TASK_ID=store_user
AIRFLOW_CTX_EXECUTION_DATE=2023-04-10T00:00:00+00:00
AIRFLOW_CTX_TRY_NUMBER=1
AIRFLOW_CTX_DAG_RUN_ID=scheduled__2023-04-10T00:00:00+00:00
[2023-04-11T00:34:18.198+0000] {postgres.py:129} INFO - Running copy expert: COPY user_details FROM stdin WITH DELIMITER as ',', filename: /tmp/processed_user.csv
[2023-04-11T00:34:18.225+0000] {base.py:71} INFO - Using connection ID 'postgres' for task execution.
[2023-04-11T00:34:18.269+0000] {python.py:177} INFO - Done. Returned value was: None
[2023-04-11T00:34:18.312+0000] {taskinstance.py:1406} INFO - Marking task as SUCCESS. dag_id=api_dag, task_id=store_user, execution_date=20230410T000000, start_date=20230411T003417, end_date=20230411T003418
[2023-04-11T00:34:18.401+0000] {local_task_job.py:164} INFO - Task exited with return code 0
[2023-04-11T00:34:18.483+0000] {local_task_job.py:273} INFO - 0 downstream tasks scheduled from follow-on schedule check
[2023-04-11T17:26:57.160+0000] {taskinstance.py:1165} INFO - Dependencies all met for <TaskInstance: api_dag.store_user scheduled__2023-04-10T00:00:00+00:00 [queued]>
[2023-04-11T17:26:57.178+0000] {taskinstance.py:1165} INFO - Dependencies all met for <TaskInstance: api_dag.store_user scheduled__2023-04-10T00:00:00+00:00 [queued]>
[2023-04-11T17:26:57.183+0000] {taskinstance.py:1362} INFO - 
--------------------------------------------------------------------------------
[2023-04-11T17:26:57.188+0000] {taskinstance.py:1363} INFO - Starting attempt 1 of 2
[2023-04-11T17:26:57.193+0000] {taskinstance.py:1364} INFO - 
--------------------------------------------------------------------------------
[2023-04-11T17:26:57.232+0000] {taskinstance.py:1383} INFO - Executing <Task(PythonOperator): store_user> on 2023-04-10 00:00:00+00:00
[2023-04-11T17:26:57.255+0000] {standard_task_runner.py:55} INFO - Started process 39728 to run task
[2023-04-11T17:26:57.269+0000] {standard_task_runner.py:82} INFO - Running: ['***', 'tasks', 'run', 'api_dag', 'store_user', 'scheduled__2023-04-10T00:00:00+00:00', '--job-id', '128', '--raw', '--subdir', 'DAGS_FOLDER/api.py', '--cfg-path', '/tmp/tmp1jhpwluf']
[2023-04-11T17:26:57.274+0000] {standard_task_runner.py:83} INFO - Job 128: Subtask store_user
[2023-04-11T17:26:57.445+0000] {task_command.py:376} INFO - Running <TaskInstance: api_dag.store_user scheduled__2023-04-10T00:00:00+00:00 [running]> on host c12a518d534c
[2023-04-11T17:26:57.588+0000] {taskinstance.py:1592} INFO - Exporting the following env vars:
AIRFLOW_CTX_DAG_OWNER=***
AIRFLOW_CTX_DAG_ID=api_dag
AIRFLOW_CTX_TASK_ID=store_user
AIRFLOW_CTX_EXECUTION_DATE=2023-04-10T00:00:00+00:00
AIRFLOW_CTX_TRY_NUMBER=1
AIRFLOW_CTX_DAG_RUN_ID=scheduled__2023-04-10T00:00:00+00:00
[2023-04-11T17:26:57.602+0000] {postgres.py:129} INFO - Running copy expert: COPY user_details FROM stdin WITH DELIMITER as ',', filename: /tmp/processed_user.csv
[2023-04-11T17:26:57.627+0000] {base.py:71} INFO - Using connection ID 'postgres' for task execution.
[2023-04-11T17:26:57.647+0000] {python.py:177} INFO - Done. Returned value was: None
[2023-04-11T17:26:57.669+0000] {taskinstance.py:1406} INFO - Marking task as SUCCESS. dag_id=api_dag, task_id=store_user, execution_date=20230410T000000, start_date=20230411T172657, end_date=20230411T172657
[2023-04-11T17:26:57.805+0000] {local_task_job.py:164} INFO - Task exited with return code 0
[2023-04-11T17:26:57.883+0000] {local_task_job.py:273} INFO - 0 downstream tasks scheduled from follow-on schedule check
