[2023-04-11T17:26:46.878+0000] {taskinstance.py:1165} INFO - Dependencies all met for <TaskInstance: api_dag.is_api_available manual__2023-04-11T17:26:26.814485+00:00 [queued]>
[2023-04-11T17:26:46.937+0000] {taskinstance.py:1165} INFO - Dependencies all met for <TaskInstance: api_dag.is_api_available manual__2023-04-11T17:26:26.814485+00:00 [queued]>
[2023-04-11T17:26:46.944+0000] {taskinstance.py:1362} INFO - 
--------------------------------------------------------------------------------
[2023-04-11T17:26:46.945+0000] {taskinstance.py:1363} INFO - Starting attempt 1 of 2
[2023-04-11T17:26:46.947+0000] {taskinstance.py:1364} INFO - 
--------------------------------------------------------------------------------
[2023-04-11T17:26:47.025+0000] {taskinstance.py:1383} INFO - Executing <Task(HttpSensor): is_api_available> on 2023-04-11 17:26:26.814485+00:00
[2023-04-11T17:26:47.044+0000] {standard_task_runner.py:55} INFO - Started process 39703 to run task
[2023-04-11T17:26:47.086+0000] {standard_task_runner.py:82} INFO - Running: ['***', 'tasks', 'run', 'api_dag', 'is_api_available', 'manual__2023-04-11T17:26:26.814485+00:00', '--job-id', '119', '--raw', '--subdir', 'DAGS_FOLDER/api.py', '--cfg-path', '/tmp/tmp4wd47_mr']
[2023-04-11T17:26:47.114+0000] {standard_task_runner.py:83} INFO - Job 119: Subtask is_api_available
[2023-04-11T17:26:47.424+0000] {task_command.py:376} INFO - Running <TaskInstance: api_dag.is_api_available manual__2023-04-11T17:26:26.814485+00:00 [running]> on host c12a518d534c
[2023-04-11T17:26:47.839+0000] {taskinstance.py:1592} INFO - Exporting the following env vars:
AIRFLOW_CTX_DAG_OWNER=***
AIRFLOW_CTX_DAG_ID=api_dag
AIRFLOW_CTX_TASK_ID=is_api_available
AIRFLOW_CTX_EXECUTION_DATE=2023-04-11T17:26:26.814485+00:00
AIRFLOW_CTX_TRY_NUMBER=1
AIRFLOW_CTX_DAG_RUN_ID=manual__2023-04-11T17:26:26.814485+00:00
[2023-04-11T17:26:47.850+0000] {http.py:120} INFO - Poking: api/
[2023-04-11T17:26:47.954+0000] {base.py:71} INFO - Using connection ID 'user_api' for task execution.
[2023-04-11T17:26:48.016+0000] {http.py:148} INFO - Sending 'GET' to url: https://randomuser.me/api/
[2023-04-11T17:26:48.863+0000] {base.py:213} INFO - Success criteria met. Exiting.
[2023-04-11T17:26:49.059+0000] {taskinstance.py:1406} INFO - Marking task as SUCCESS. dag_id=api_dag, task_id=is_api_available, execution_date=20230411T172626, start_date=20230411T172646, end_date=20230411T172649
[2023-04-11T17:26:49.438+0000] {local_task_job.py:164} INFO - Task exited with return code 0
[2023-04-11T17:26:49.853+0000] {local_task_job.py:273} INFO - 1 downstream tasks scheduled from follow-on schedule check
