[2023-04-09T03:27:28.009+0000] {taskinstance.py:1165} INFO - Dependencies all met for <TaskInstance: api_dag.process_user manual__2023-04-09T03:27:22.565474+00:00 [queued]>
[2023-04-09T03:27:28.015+0000] {taskinstance.py:1165} INFO - Dependencies all met for <TaskInstance: api_dag.process_user manual__2023-04-09T03:27:22.565474+00:00 [queued]>
[2023-04-09T03:27:28.016+0000] {taskinstance.py:1362} INFO - 
--------------------------------------------------------------------------------
[2023-04-09T03:27:28.017+0000] {taskinstance.py:1363} INFO - Starting attempt 1 of 2
[2023-04-09T03:27:28.018+0000] {taskinstance.py:1364} INFO - 
--------------------------------------------------------------------------------
[2023-04-09T03:27:28.027+0000] {taskinstance.py:1383} INFO - Executing <Task(PythonOperator): process_user> on 2023-04-09 03:27:22.565474+00:00
[2023-04-09T03:27:28.033+0000] {standard_task_runner.py:55} INFO - Started process 10700 to run task
[2023-04-09T03:27:28.038+0000] {standard_task_runner.py:82} INFO - Running: ['***', 'tasks', 'run', 'api_dag', 'process_user', 'manual__2023-04-09T03:27:22.565474+00:00', '--job-id', '98', '--raw', '--subdir', 'DAGS_FOLDER/api.py', '--cfg-path', '/tmp/tmp1rnwapvn']
[2023-04-09T03:27:28.040+0000] {standard_task_runner.py:83} INFO - Job 98: Subtask process_user
[2023-04-09T03:27:28.102+0000] {task_command.py:376} INFO - Running <TaskInstance: api_dag.process_user manual__2023-04-09T03:27:22.565474+00:00 [running]> on host c12a518d534c
[2023-04-09T03:27:28.156+0000] {taskinstance.py:1592} INFO - Exporting the following env vars:
AIRFLOW_CTX_DAG_OWNER=***
AIRFLOW_CTX_DAG_ID=api_dag
AIRFLOW_CTX_TASK_ID=process_user
AIRFLOW_CTX_EXECUTION_DATE=2023-04-09T03:27:22.565474+00:00
AIRFLOW_CTX_TRY_NUMBER=1
AIRFLOW_CTX_DAG_RUN_ID=manual__2023-04-09T03:27:22.565474+00:00
[2023-04-09T03:27:28.173+0000] {python.py:177} INFO - Done. Returned value was: None
[2023-04-09T03:27:28.184+0000] {taskinstance.py:1406} INFO - Marking task as SUCCESS. dag_id=api_dag, task_id=process_user, execution_date=20230409T032722, start_date=20230409T032728, end_date=20230409T032728
[2023-04-09T03:27:28.209+0000] {local_task_job.py:164} INFO - Task exited with return code 0
[2023-04-09T03:27:28.228+0000] {local_task_job.py:273} INFO - 1 downstream tasks scheduled from follow-on schedule check
