[2023-04-11T17:26:36.838+0000] {taskinstance.py:1165} INFO - Dependencies all met for <TaskInstance: api_dag.create_table manual__2023-04-11T17:26:26.814485+00:00 [queued]>
[2023-04-11T17:26:36.919+0000] {taskinstance.py:1165} INFO - Dependencies all met for <TaskInstance: api_dag.create_table manual__2023-04-11T17:26:26.814485+00:00 [queued]>
[2023-04-11T17:26:36.921+0000] {taskinstance.py:1362} INFO - 
--------------------------------------------------------------------------------
[2023-04-11T17:26:36.923+0000] {taskinstance.py:1363} INFO - Starting attempt 1 of 2
[2023-04-11T17:26:36.924+0000] {taskinstance.py:1364} INFO - 
--------------------------------------------------------------------------------
[2023-04-11T17:26:36.979+0000] {taskinstance.py:1383} INFO - Executing <Task(PostgresOperator): create_table> on 2023-04-11 17:26:26.814485+00:00
[2023-04-11T17:26:37.006+0000] {standard_task_runner.py:55} INFO - Started process 39676 to run task
[2023-04-11T17:26:37.038+0000] {standard_task_runner.py:82} INFO - Running: ['***', 'tasks', 'run', 'api_dag', 'create_table', 'manual__2023-04-11T17:26:26.814485+00:00', '--job-id', '113', '--raw', '--subdir', 'DAGS_FOLDER/api.py', '--cfg-path', '/tmp/tmpcf2kq3n7']
[2023-04-11T17:26:37.049+0000] {standard_task_runner.py:83} INFO - Job 113: Subtask create_table
[2023-04-11T17:26:37.475+0000] {task_command.py:376} INFO - Running <TaskInstance: api_dag.create_table manual__2023-04-11T17:26:26.814485+00:00 [running]> on host c12a518d534c
[2023-04-11T17:26:37.733+0000] {taskinstance.py:1592} INFO - Exporting the following env vars:
AIRFLOW_CTX_DAG_OWNER=***
AIRFLOW_CTX_DAG_ID=api_dag
AIRFLOW_CTX_TASK_ID=create_table
AIRFLOW_CTX_EXECUTION_DATE=2023-04-11T17:26:26.814485+00:00
AIRFLOW_CTX_TRY_NUMBER=1
AIRFLOW_CTX_DAG_RUN_ID=manual__2023-04-11T17:26:26.814485+00:00
[2023-04-11T17:26:37.852+0000] {base.py:71} INFO - Using connection ID 'postgres' for task execution.
[2023-04-11T17:26:37.876+0000] {sql.py:315} INFO - Running statement: Drop table user_details;

CREATE TABLE IF NOT EXISTS user_details (
    firstname VARCHAR NOT NULL,
    lastname VARCHAR NOT NULL,
    country VARCHAR NOT NULL,
    username VARCHAR UNIQUE NOT NULL,
    password VARCHAR NOT NULL,
    email VARCHAR UNIQUE NOT NULL);, parameters: None
[2023-04-11T17:26:38.021+0000] {taskinstance.py:1406} INFO - Marking task as SUCCESS. dag_id=api_dag, task_id=create_table, execution_date=20230411T172626, start_date=20230411T172636, end_date=20230411T172638
[2023-04-11T17:26:38.275+0000] {local_task_job.py:164} INFO - Task exited with return code 0
[2023-04-11T17:26:38.543+0000] {local_task_job.py:273} INFO - 0 downstream tasks scheduled from follow-on schedule check
