[2023-04-09T00:43:02.011+0000] {taskinstance.py:1165} INFO - Dependencies all met for <TaskInstance: api_dag.process_user manual__2023-04-09T00:37:56.121778+00:00 [queued]>
[2023-04-09T00:43:02.024+0000] {taskinstance.py:1165} INFO - Dependencies all met for <TaskInstance: api_dag.process_user manual__2023-04-09T00:37:56.121778+00:00 [queued]>
[2023-04-09T00:43:02.025+0000] {taskinstance.py:1362} INFO - 
--------------------------------------------------------------------------------
[2023-04-09T00:43:02.026+0000] {taskinstance.py:1363} INFO - Starting attempt 2 of 2
[2023-04-09T00:43:02.031+0000] {taskinstance.py:1364} INFO - 
--------------------------------------------------------------------------------
[2023-04-09T00:43:02.044+0000] {taskinstance.py:1383} INFO - Executing <Task(PythonOperator): process_user> on 2023-04-09 00:37:56.121778+00:00
[2023-04-09T00:43:02.057+0000] {standard_task_runner.py:55} INFO - Started process 10258 to run task
[2023-04-09T00:43:02.073+0000] {standard_task_runner.py:82} INFO - Running: ['***', 'tasks', 'run', 'api_dag', 'process_user', 'manual__2023-04-09T00:37:56.121778+00:00', '--job-id', '91', '--raw', '--subdir', 'DAGS_FOLDER/api.py', '--cfg-path', '/tmp/tmpdi5bihyt']
[2023-04-09T00:43:02.077+0000] {standard_task_runner.py:83} INFO - Job 91: Subtask process_user
[2023-04-09T00:43:02.176+0000] {task_command.py:376} INFO - Running <TaskInstance: api_dag.process_user manual__2023-04-09T00:37:56.121778+00:00 [running]> on host c12a518d534c
[2023-04-09T00:43:02.275+0000] {taskinstance.py:1592} INFO - Exporting the following env vars:
AIRFLOW_CTX_DAG_OWNER=***
AIRFLOW_CTX_DAG_ID=api_dag
AIRFLOW_CTX_TASK_ID=process_user
AIRFLOW_CTX_EXECUTION_DATE=2023-04-09T00:37:56.121778+00:00
AIRFLOW_CTX_TRY_NUMBER=2
AIRFLOW_CTX_DAG_RUN_ID=manual__2023-04-09T00:37:56.121778+00:00
[2023-04-09T00:43:02.321+0000] {python.py:177} INFO - Done. Returned value was: None
[2023-04-09T00:43:02.341+0000] {taskinstance.py:1406} INFO - Marking task as SUCCESS. dag_id=api_dag, task_id=process_user, execution_date=20230409T003756, start_date=20230409T004302, end_date=20230409T004302
[2023-04-09T00:43:02.400+0000] {local_task_job.py:164} INFO - Task exited with return code 0
[2023-04-09T00:43:02.425+0000] {local_task_job.py:273} INFO - 1 downstream tasks scheduled from follow-on schedule check
