[2023-04-09T00:42:23.890+0000] {taskinstance.py:1165} INFO - Dependencies all met for <TaskInstance: api_dag.create_table manual__2023-04-09T00:42:22.210190+00:00 [queued]>
[2023-04-09T00:42:23.898+0000] {taskinstance.py:1165} INFO - Dependencies all met for <TaskInstance: api_dag.create_table manual__2023-04-09T00:42:22.210190+00:00 [queued]>
[2023-04-09T00:42:23.899+0000] {taskinstance.py:1362} INFO - 
--------------------------------------------------------------------------------
[2023-04-09T00:42:23.900+0000] {taskinstance.py:1363} INFO - Starting attempt 1 of 2
[2023-04-09T00:42:23.901+0000] {taskinstance.py:1364} INFO - 
--------------------------------------------------------------------------------
[2023-04-09T00:42:23.910+0000] {taskinstance.py:1383} INFO - Executing <Task(PostgresOperator): create_table> on 2023-04-09 00:42:22.210190+00:00
[2023-04-09T00:42:23.917+0000] {standard_task_runner.py:55} INFO - Started process 10215 to run task
[2023-04-09T00:42:23.921+0000] {standard_task_runner.py:82} INFO - Running: ['***', 'tasks', 'run', 'api_dag', 'create_table', 'manual__2023-04-09T00:42:22.210190+00:00', '--job-id', '86', '--raw', '--subdir', 'DAGS_FOLDER/api.py', '--cfg-path', '/tmp/tmpjkgq6gut']
[2023-04-09T00:42:23.924+0000] {standard_task_runner.py:83} INFO - Job 86: Subtask create_table
[2023-04-09T00:42:23.988+0000] {task_command.py:376} INFO - Running <TaskInstance: api_dag.create_table manual__2023-04-09T00:42:22.210190+00:00 [running]> on host c12a518d534c
[2023-04-09T00:42:24.040+0000] {taskinstance.py:1592} INFO - Exporting the following env vars:
AIRFLOW_CTX_DAG_OWNER=***
AIRFLOW_CTX_DAG_ID=api_dag
AIRFLOW_CTX_TASK_ID=create_table
AIRFLOW_CTX_EXECUTION_DATE=2023-04-09T00:42:22.210190+00:00
AIRFLOW_CTX_TRY_NUMBER=1
AIRFLOW_CTX_DAG_RUN_ID=manual__2023-04-09T00:42:22.210190+00:00
[2023-04-09T00:42:24.050+0000] {base.py:71} INFO - Using connection ID 'postgres' for task execution.
[2023-04-09T00:42:24.056+0000] {sql.py:315} INFO - Running statement: Drop table user_details;

CREATE TABLE IF NOT EXISTS user_details (
    firstname VARCHAR NOT NULL,
    lastname VARCHAR NOT NULL,
    country VARCHAR NOT NULL,
    username VARCHAR UNIQUE NOT NULL,
    password VARCHAR NOT NULL,
    email VARCHAR UNIQUE NOT NULL);, parameters: None
[2023-04-09T00:42:24.077+0000] {taskinstance.py:1406} INFO - Marking task as SUCCESS. dag_id=api_dag, task_id=create_table, execution_date=20230409T004222, start_date=20230409T004223, end_date=20230409T004224
[2023-04-09T00:42:24.137+0000] {local_task_job.py:164} INFO - Task exited with return code 0
[2023-04-09T00:42:24.173+0000] {local_task_job.py:273} INFO - 1 downstream tasks scheduled from follow-on schedule check
