[2023-04-08T05:45:15.397+0000] {taskinstance.py:1165} INFO - Dependencies all met for <TaskInstance: example_bash_operator.runme_0 scheduled__2023-04-07T00:00:00+00:00 [queued]>
[2023-04-08T05:45:15.424+0000] {taskinstance.py:1165} INFO - Dependencies all met for <TaskInstance: example_bash_operator.runme_0 scheduled__2023-04-07T00:00:00+00:00 [queued]>
[2023-04-08T05:45:15.427+0000] {taskinstance.py:1362} INFO - 
--------------------------------------------------------------------------------
[2023-04-08T05:45:15.429+0000] {taskinstance.py:1363} INFO - Starting attempt 1 of 1
[2023-04-08T05:45:15.431+0000] {taskinstance.py:1364} INFO - 
--------------------------------------------------------------------------------
[2023-04-08T05:45:15.462+0000] {taskinstance.py:1383} INFO - Executing <Task(BashOperator): runme_0> on 2023-04-07 00:00:00+00:00
[2023-04-08T05:45:15.478+0000] {standard_task_runner.py:55} INFO - Started process 433 to run task
[2023-04-08T05:45:15.489+0000] {standard_task_runner.py:82} INFO - Running: ['***', 'tasks', 'run', 'example_bash_operator', 'runme_0', 'scheduled__2023-04-07T00:00:00+00:00', '--job-id', '3', '--raw', '--subdir', '/home/***/.local/lib/python3.7/site-packages/***/example_dags/example_bash_operator.py', '--cfg-path', '/tmp/tmpih6kaiim']
[2023-04-08T05:45:15.490+0000] {standard_task_runner.py:83} INFO - Job 3: Subtask runme_0
[2023-04-08T05:45:15.640+0000] {task_command.py:376} INFO - Running <TaskInstance: example_bash_operator.runme_0 scheduled__2023-04-07T00:00:00+00:00 [running]> on host c3077597e975
[2023-04-08T05:45:15.793+0000] {taskinstance.py:1592} INFO - Exporting the following env vars:
AIRFLOW_CTX_DAG_OWNER=***
AIRFLOW_CTX_DAG_ID=example_bash_operator
AIRFLOW_CTX_TASK_ID=runme_0
AIRFLOW_CTX_EXECUTION_DATE=2023-04-07T00:00:00+00:00
AIRFLOW_CTX_TRY_NUMBER=1
AIRFLOW_CTX_DAG_RUN_ID=scheduled__2023-04-07T00:00:00+00:00
[2023-04-08T05:45:15.797+0000] {subprocess.py:63} INFO - Tmp dir root location: 
 /tmp
[2023-04-08T05:45:15.799+0000] {subprocess.py:75} INFO - Running command: ['/bin/bash', '-c', 'echo "example_bash_operator__runme_0__20230407" && sleep 1']
[2023-04-08T05:45:15.823+0000] {subprocess.py:86} INFO - Output:
[2023-04-08T05:45:15.839+0000] {subprocess.py:93} INFO - example_bash_operator__runme_0__20230407
[2023-04-08T05:45:16.844+0000] {subprocess.py:97} INFO - Command exited with return code 0
[2023-04-08T05:45:16.914+0000] {taskinstance.py:1406} INFO - Marking task as SUCCESS. dag_id=example_bash_operator, task_id=runme_0, execution_date=20230407T000000, start_date=20230408T054515, end_date=20230408T054516
[2023-04-08T05:45:16.949+0000] {local_task_job.py:164} INFO - Task exited with return code 0
[2023-04-08T05:45:16.994+0000] {local_task_job.py:273} INFO - 0 downstream tasks scheduled from follow-on schedule check
