[2023-04-09T00:34:52.725+0000] {taskinstance.py:1165} INFO - Dependencies all met for <TaskInstance: api_dag.extract_user manual__2023-04-09T00:29:48.109385+00:00 [queued]>
[2023-04-09T00:34:52.732+0000] {taskinstance.py:1165} INFO - Dependencies all met for <TaskInstance: api_dag.extract_user manual__2023-04-09T00:29:48.109385+00:00 [queued]>
[2023-04-09T00:34:52.733+0000] {taskinstance.py:1362} INFO - 
--------------------------------------------------------------------------------
[2023-04-09T00:34:52.734+0000] {taskinstance.py:1363} INFO - Starting attempt 1 of 2
[2023-04-09T00:34:52.735+0000] {taskinstance.py:1364} INFO - 
--------------------------------------------------------------------------------
[2023-04-09T00:34:52.743+0000] {taskinstance.py:1383} INFO - Executing <Task(SimpleHttpOperator): extract_user> on 2023-04-09 00:29:48.109385+00:00
[2023-04-09T00:34:52.748+0000] {standard_task_runner.py:55} INFO - Started process 9792 to run task
[2023-04-09T00:34:52.752+0000] {standard_task_runner.py:82} INFO - Running: ['***', 'tasks', 'run', 'api_dag', 'extract_user', 'manual__2023-04-09T00:29:48.109385+00:00', '--job-id', '69', '--raw', '--subdir', 'DAGS_FOLDER/api.py', '--cfg-path', '/tmp/tmp07jjgw9h']
[2023-04-09T00:34:52.755+0000] {standard_task_runner.py:83} INFO - Job 69: Subtask extract_user
[2023-04-09T00:34:52.813+0000] {task_command.py:376} INFO - Running <TaskInstance: api_dag.extract_user manual__2023-04-09T00:29:48.109385+00:00 [running]> on host c12a518d534c
[2023-04-09T00:34:52.863+0000] {taskinstance.py:1592} INFO - Exporting the following env vars:
AIRFLOW_CTX_DAG_OWNER=***
AIRFLOW_CTX_DAG_ID=api_dag
AIRFLOW_CTX_TASK_ID=extract_user
AIRFLOW_CTX_EXECUTION_DATE=2023-04-09T00:29:48.109385+00:00
AIRFLOW_CTX_TRY_NUMBER=1
AIRFLOW_CTX_DAG_RUN_ID=manual__2023-04-09T00:29:48.109385+00:00
[2023-04-09T00:34:52.865+0000] {http.py:121} INFO - Calling HTTP method
[2023-04-09T00:34:52.874+0000] {base.py:71} INFO - Using connection ID 'user_api' for task execution.
[2023-04-09T00:34:52.876+0000] {http.py:148} INFO - Sending 'GET' to url: https://randomuser.me/api/
[2023-04-09T00:34:53.095+0000] {http.py:125} INFO - {"results":[{"gender":"female","name":{"title":"Miss","first":"Johanne","last":"Thelen"},"location":{"street":{"number":1304,"name":"Industriestraße"},"city":"Ochsenfurt","state":"Rheinland-Pfalz","country":"Germany","postcode":70643,"coordinates":{"latitude":"-48.4753","longitude":"131.3457"},"timezone":{"offset":"+3:00","description":"Baghdad, Riyadh, Moscow, St. Petersburg"}},"email":"johanne.thelen@example.com","login":{"uuid":"8e2826aa-ae9f-40fd-8a3b-dc3830c6e33e","username":"sadswan807","password":"ccccc","salt":"3L9c01cO","md5":"ab6b8c760fe4b0b09402819520bf0e26","sha1":"15290b141874d16adfc1dca7d1e5a48e0a11a112","sha256":"5c1fb8bcc72d70dc27b95e16b724b2425aa4cbc713aa232229bd97ed24623acb"},"dob":{"date":"1957-09-24T21:16:13.262Z","age":65},"registered":{"date":"2013-07-19T08:30:27.091Z","age":9},"phone":"0083-9218948","cell":"0177-7782707","id":{"name":"SVNR","value":"14 240957 T 614"},"picture":{"large":"https://randomuser.me/api/portraits/women/22.jpg","medium":"https://randomuser.me/api/portraits/med/women/22.jpg","thumbnail":"https://randomuser.me/api/portraits/thumb/women/22.jpg"},"nat":"DE"}],"info":{"seed":"1eea7fb4d087eeb2","results":1,"page":1,"version":"1.4"}}
[2023-04-09T00:34:53.140+0000] {taskinstance.py:1406} INFO - Marking task as SUCCESS. dag_id=api_dag, task_id=extract_user, execution_date=20230409T002948, start_date=20230409T003452, end_date=20230409T003453
[2023-04-09T00:34:53.175+0000] {local_task_job.py:164} INFO - Task exited with return code 0
[2023-04-09T00:34:53.198+0000] {local_task_job.py:273} INFO - 1 downstream tasks scheduled from follow-on schedule check
