[2023-04-08T23:28:38.207+0000] {taskinstance.py:1165} INFO - Dependencies all met for <TaskInstance: api_dag.create_table manual__2023-04-08T23:28:37.286351+00:00 [queued]>
[2023-04-08T23:28:38.214+0000] {taskinstance.py:1165} INFO - Dependencies all met for <TaskInstance: api_dag.create_table manual__2023-04-08T23:28:37.286351+00:00 [queued]>
[2023-04-08T23:28:38.215+0000] {taskinstance.py:1362} INFO - 
--------------------------------------------------------------------------------
[2023-04-08T23:28:38.216+0000] {taskinstance.py:1363} INFO - Starting attempt 1 of 2
[2023-04-08T23:28:38.217+0000] {taskinstance.py:1364} INFO - 
--------------------------------------------------------------------------------
[2023-04-08T23:28:38.229+0000] {taskinstance.py:1383} INFO - Executing <Task(PostgresOperator): create_table> on 2023-04-08 23:28:37.286351+00:00
[2023-04-08T23:28:38.236+0000] {standard_task_runner.py:55} INFO - Started process 6959 to run task
[2023-04-08T23:28:38.242+0000] {standard_task_runner.py:82} INFO - Running: ['***', 'tasks', 'run', 'api_dag', 'create_table', 'manual__2023-04-08T23:28:37.286351+00:00', '--job-id', '19', '--raw', '--subdir', 'DAGS_FOLDER/api.py', '--cfg-path', '/tmp/tmp3s8hym3z']
[2023-04-08T23:28:38.244+0000] {standard_task_runner.py:83} INFO - Job 19: Subtask create_table
[2023-04-08T23:28:38.329+0000] {task_command.py:376} INFO - Running <TaskInstance: api_dag.create_table manual__2023-04-08T23:28:37.286351+00:00 [running]> on host c12a518d534c
[2023-04-08T23:28:38.399+0000] {taskinstance.py:1592} INFO - Exporting the following env vars:
AIRFLOW_CTX_DAG_OWNER=***
AIRFLOW_CTX_DAG_ID=api_dag
AIRFLOW_CTX_TASK_ID=create_table
AIRFLOW_CTX_EXECUTION_DATE=2023-04-08T23:28:37.286351+00:00
AIRFLOW_CTX_TRY_NUMBER=1
AIRFLOW_CTX_DAG_RUN_ID=manual__2023-04-08T23:28:37.286351+00:00
[2023-04-08T23:28:38.413+0000] {base.py:71} INFO - Using connection ID 'postgres' for task execution.
[2023-04-08T23:28:38.419+0000] {sql.py:315} INFO - Running statement: CREATE TABLE IF NOT EXISTS user_details (
    firstname VARCHAR NOT NULL,
    lastname VARCHAR NOT NULL,
    country VARCHAR NOT NULL,
    username VARCHAR UNIQUE NOT NULL,
    password VARCHAR NOT NULL,
    email VARCHAR UNIQUE NOT NULL);, parameters: None
[2023-04-08T23:28:38.421+0000] {postgres.py:96} INFO - NOTICE:  relation "user_details" already exists, skipping

[2023-04-08T23:28:38.431+0000] {taskinstance.py:1406} INFO - Marking task as SUCCESS. dag_id=api_dag, task_id=create_table, execution_date=20230408T232837, start_date=20230408T232838, end_date=20230408T232838
[2023-04-08T23:28:38.454+0000] {local_task_job.py:164} INFO - Task exited with return code 0
[2023-04-08T23:28:38.473+0000] {local_task_job.py:273} INFO - 1 downstream tasks scheduled from follow-on schedule check
