[2023-04-09T00:42:25.922+0000] {taskinstance.py:1165} INFO - Dependencies all met for <TaskInstance: api_dag.extract_user manual__2023-04-09T00:42:22.210190+00:00 [queued]>
[2023-04-09T00:42:25.929+0000] {taskinstance.py:1165} INFO - Dependencies all met for <TaskInstance: api_dag.extract_user manual__2023-04-09T00:42:22.210190+00:00 [queued]>
[2023-04-09T00:42:25.930+0000] {taskinstance.py:1362} INFO - 
--------------------------------------------------------------------------------
[2023-04-09T00:42:25.931+0000] {taskinstance.py:1363} INFO - Starting attempt 1 of 2
[2023-04-09T00:42:25.932+0000] {taskinstance.py:1364} INFO - 
--------------------------------------------------------------------------------
[2023-04-09T00:42:25.940+0000] {taskinstance.py:1383} INFO - Executing <Task(SimpleHttpOperator): extract_user> on 2023-04-09 00:42:22.210190+00:00
[2023-04-09T00:42:25.947+0000] {standard_task_runner.py:55} INFO - Started process 10221 to run task
[2023-04-09T00:42:25.952+0000] {standard_task_runner.py:82} INFO - Running: ['***', 'tasks', 'run', 'api_dag', 'extract_user', 'manual__2023-04-09T00:42:22.210190+00:00', '--job-id', '88', '--raw', '--subdir', 'DAGS_FOLDER/api.py', '--cfg-path', '/tmp/tmpumus3186']
[2023-04-09T00:42:25.956+0000] {standard_task_runner.py:83} INFO - Job 88: Subtask extract_user
[2023-04-09T00:42:26.020+0000] {task_command.py:376} INFO - Running <TaskInstance: api_dag.extract_user manual__2023-04-09T00:42:22.210190+00:00 [running]> on host c12a518d534c
[2023-04-09T00:42:26.073+0000] {taskinstance.py:1592} INFO - Exporting the following env vars:
AIRFLOW_CTX_DAG_OWNER=***
AIRFLOW_CTX_DAG_ID=api_dag
AIRFLOW_CTX_TASK_ID=extract_user
AIRFLOW_CTX_EXECUTION_DATE=2023-04-09T00:42:22.210190+00:00
AIRFLOW_CTX_TRY_NUMBER=1
AIRFLOW_CTX_DAG_RUN_ID=manual__2023-04-09T00:42:22.210190+00:00
[2023-04-09T00:42:26.075+0000] {http.py:121} INFO - Calling HTTP method
[2023-04-09T00:42:26.085+0000] {base.py:71} INFO - Using connection ID 'user_api' for task execution.
[2023-04-09T00:42:26.087+0000] {http.py:148} INFO - Sending 'GET' to url: https://randomuser.me/api/
[2023-04-09T00:42:26.298+0000] {http.py:125} INFO - {"results":[{"gender":"female","name":{"title":"Miss","first":"Nieke","last":"Hielkema"},"location":{"street":{"number":4546,"name":"Drentesingel"},"city":"Aartswoud","state":"Groningen","country":"Netherlands","postcode":"7606 IU","coordinates":{"latitude":"30.0580","longitude":"82.5327"},"timezone":{"offset":"+6:00","description":"Almaty, Dhaka, Colombo"}},"email":"nieke.hielkema@example.com","login":{"uuid":"b45c7706-5c1c-4810-a73d-37f803e22bc5","username":"smallduck540","password":"chevy1","salt":"WgXIfaPD","md5":"f5a5d56edfc8ebcbd11ab7f37777970c","sha1":"07bf8b2c7d3dde7a5929e33712affecd2ebe9447","sha256":"7f8040b5c2aabe5ab78dec69c853629d36c146e47ae11a51a9db328bbd61b292"},"dob":{"date":"1999-10-31T08:47:22.951Z","age":23},"registered":{"date":"2012-06-02T04:23:48.753Z","age":10},"phone":"(029) 1167323","cell":"(06) 42420587","id":{"name":"BSN","value":"74946093"},"picture":{"large":"https://randomuser.me/api/portraits/women/0.jpg","medium":"https://randomuser.me/api/portraits/med/women/0.jpg","thumbnail":"https://randomuser.me/api/portraits/thumb/women/0.jpg"},"nat":"NL"}],"info":{"seed":"cee5f7c5b70e152a","results":1,"page":1,"version":"1.4"}}
[2023-04-09T00:42:26.333+0000] {taskinstance.py:1406} INFO - Marking task as SUCCESS. dag_id=api_dag, task_id=extract_user, execution_date=20230409T004222, start_date=20230409T004225, end_date=20230409T004226
[2023-04-09T00:42:26.376+0000] {local_task_job.py:164} INFO - Task exited with return code 0
[2023-04-09T00:42:26.398+0000] {local_task_job.py:273} INFO - 1 downstream tasks scheduled from follow-on schedule check
