[2023-04-09T00:37:59.451+0000] {taskinstance.py:1165} INFO - Dependencies all met for <TaskInstance: api_dag.extract_user manual__2023-04-09T00:37:56.121778+00:00 [queued]>
[2023-04-09T00:37:59.459+0000] {taskinstance.py:1165} INFO - Dependencies all met for <TaskInstance: api_dag.extract_user manual__2023-04-09T00:37:56.121778+00:00 [queued]>
[2023-04-09T00:37:59.460+0000] {taskinstance.py:1362} INFO - 
--------------------------------------------------------------------------------
[2023-04-09T00:37:59.461+0000] {taskinstance.py:1363} INFO - Starting attempt 1 of 2
[2023-04-09T00:37:59.462+0000] {taskinstance.py:1364} INFO - 
--------------------------------------------------------------------------------
[2023-04-09T00:37:59.472+0000] {taskinstance.py:1383} INFO - Executing <Task(SimpleHttpOperator): extract_user> on 2023-04-09 00:37:56.121778+00:00
[2023-04-09T00:37:59.478+0000] {standard_task_runner.py:55} INFO - Started process 9972 to run task
[2023-04-09T00:37:59.481+0000] {standard_task_runner.py:82} INFO - Running: ['***', 'tasks', 'run', 'api_dag', 'extract_user', 'manual__2023-04-09T00:37:56.121778+00:00', '--job-id', '78', '--raw', '--subdir', 'DAGS_FOLDER/api.py', '--cfg-path', '/tmp/tmph_8lzbf4']
[2023-04-09T00:37:59.484+0000] {standard_task_runner.py:83} INFO - Job 78: Subtask extract_user
[2023-04-09T00:37:59.541+0000] {task_command.py:376} INFO - Running <TaskInstance: api_dag.extract_user manual__2023-04-09T00:37:56.121778+00:00 [running]> on host c12a518d534c
[2023-04-09T00:37:59.623+0000] {taskinstance.py:1592} INFO - Exporting the following env vars:
AIRFLOW_CTX_DAG_OWNER=***
AIRFLOW_CTX_DAG_ID=api_dag
AIRFLOW_CTX_TASK_ID=extract_user
AIRFLOW_CTX_EXECUTION_DATE=2023-04-09T00:37:56.121778+00:00
AIRFLOW_CTX_TRY_NUMBER=1
AIRFLOW_CTX_DAG_RUN_ID=manual__2023-04-09T00:37:56.121778+00:00
[2023-04-09T00:37:59.628+0000] {http.py:121} INFO - Calling HTTP method
[2023-04-09T00:37:59.650+0000] {base.py:71} INFO - Using connection ID 'user_api' for task execution.
[2023-04-09T00:37:59.654+0000] {http.py:148} INFO - Sending 'GET' to url: https://randomuser.me/api/
[2023-04-09T00:37:59.900+0000] {http.py:125} INFO - {"results":[{"gender":"female","name":{"title":"Miss","first":"Celi","last":"Nascimento"},"location":{"street":{"number":8150,"name":"Rua Carlos Gomes"},"city":"Natal","state":"Paraíba","country":"Brazil","postcode":82784,"coordinates":{"latitude":"-75.4120","longitude":"87.8607"},"timezone":{"offset":"+7:00","description":"Bangkok, Hanoi, Jakarta"}},"email":"celi.nascimento@example.com","login":{"uuid":"2a0cd298-cd57-40bd-9a3b-017607ea0eb2","username":"redbird189","password":"cats","salt":"ZtDbTZLN","md5":"e1992320e2f5e8113a88e1a7148ece58","sha1":"af6763b45974f2631296e558ee51bef139eb252a","sha256":"4398701b6630ac9f7e0e177e665cbd058274cf66af5fc44ef896f8afe2c07d3d"},"dob":{"date":"1972-01-14T11:39:08.343Z","age":51},"registered":{"date":"2010-11-01T17:42:30.986Z","age":12},"phone":"(49) 6087-1088","cell":"(48) 4245-1364","id":{"name":"CPF","value":"532.741.675-25"},"picture":{"large":"https://randomuser.me/api/portraits/women/5.jpg","medium":"https://randomuser.me/api/portraits/med/women/5.jpg","thumbnail":"https://randomuser.me/api/portraits/thumb/women/5.jpg"},"nat":"BR"}],"info":{"seed":"0e8d05f38e5ca8c6","results":1,"page":1,"version":"1.4"}}
[2023-04-09T00:37:59.933+0000] {taskinstance.py:1406} INFO - Marking task as SUCCESS. dag_id=api_dag, task_id=extract_user, execution_date=20230409T003756, start_date=20230409T003759, end_date=20230409T003759
[2023-04-09T00:37:59.976+0000] {local_task_job.py:164} INFO - Task exited with return code 0
[2023-04-09T00:38:00.017+0000] {local_task_job.py:273} INFO - 0 downstream tasks scheduled from follow-on schedule check
