[2023-04-09T00:00:03.060+0000] {taskinstance.py:1165} INFO - Dependencies all met for <TaskInstance: api_dag.is_api_available scheduled__2023-04-08T00:00:00+00:00 [queued]>
[2023-04-09T00:00:03.066+0000] {taskinstance.py:1165} INFO - Dependencies all met for <TaskInstance: api_dag.is_api_available scheduled__2023-04-08T00:00:00+00:00 [queued]>
[2023-04-09T00:00:03.067+0000] {taskinstance.py:1362} INFO - 
--------------------------------------------------------------------------------
[2023-04-09T00:00:03.068+0000] {taskinstance.py:1363} INFO - Starting attempt 1 of 2
[2023-04-09T00:00:03.070+0000] {taskinstance.py:1364} INFO - 
--------------------------------------------------------------------------------
[2023-04-09T00:00:03.078+0000] {taskinstance.py:1383} INFO - Executing <Task(HttpSensor): is_api_available> on 2023-04-08 00:00:00+00:00
[2023-04-09T00:00:03.084+0000] {standard_task_runner.py:55} INFO - Started process 8524 to run task
[2023-04-09T00:00:03.088+0000] {standard_task_runner.py:82} INFO - Running: ['***', 'tasks', 'run', 'api_dag', 'is_api_available', 'scheduled__2023-04-08T00:00:00+00:00', '--job-id', '30', '--raw', '--subdir', 'DAGS_FOLDER/api.py', '--cfg-path', '/tmp/tmprha1sbtb']
[2023-04-09T00:00:03.090+0000] {standard_task_runner.py:83} INFO - Job 30: Subtask is_api_available
[2023-04-09T00:00:03.147+0000] {task_command.py:376} INFO - Running <TaskInstance: api_dag.is_api_available scheduled__2023-04-08T00:00:00+00:00 [running]> on host c12a518d534c
[2023-04-09T00:00:03.195+0000] {taskinstance.py:1592} INFO - Exporting the following env vars:
AIRFLOW_CTX_DAG_OWNER=***
AIRFLOW_CTX_DAG_ID=api_dag
AIRFLOW_CTX_TASK_ID=is_api_available
AIRFLOW_CTX_EXECUTION_DATE=2023-04-08T00:00:00+00:00
AIRFLOW_CTX_TRY_NUMBER=1
AIRFLOW_CTX_DAG_RUN_ID=scheduled__2023-04-08T00:00:00+00:00
[2023-04-09T00:00:03.197+0000] {http.py:120} INFO - Poking: api/
[2023-04-09T00:00:03.206+0000] {base.py:71} INFO - Using connection ID 'user_api' for task execution.
[2023-04-09T00:00:03.209+0000] {http.py:148} INFO - Sending 'GET' to url: https://randomuser.me/api/
[2023-04-09T00:00:03.464+0000] {base.py:213} INFO - Success criteria met. Exiting.
[2023-04-09T00:00:03.485+0000] {taskinstance.py:1406} INFO - Marking task as SUCCESS. dag_id=api_dag, task_id=is_api_available, execution_date=20230408T000000, start_date=20230409T000003, end_date=20230409T000003
[2023-04-09T00:00:03.515+0000] {local_task_job.py:164} INFO - Task exited with return code 0
[2023-04-09T00:00:03.549+0000] {local_task_job.py:273} INFO - 1 downstream tasks scheduled from follow-on schedule check
[2023-04-11T17:26:37.503+0000] {taskinstance.py:1165} INFO - Dependencies all met for <TaskInstance: api_dag.is_api_available scheduled__2023-04-08T00:00:00+00:00 [queued]>
[2023-04-11T17:26:37.550+0000] {taskinstance.py:1165} INFO - Dependencies all met for <TaskInstance: api_dag.is_api_available scheduled__2023-04-08T00:00:00+00:00 [queued]>
[2023-04-11T17:26:37.553+0000] {taskinstance.py:1362} INFO - 
--------------------------------------------------------------------------------
[2023-04-11T17:26:37.555+0000] {taskinstance.py:1363} INFO - Starting attempt 1 of 2
[2023-04-11T17:26:37.557+0000] {taskinstance.py:1364} INFO - 
--------------------------------------------------------------------------------
[2023-04-11T17:26:37.589+0000] {taskinstance.py:1383} INFO - Executing <Task(HttpSensor): is_api_available> on 2023-04-08 00:00:00+00:00
[2023-04-11T17:26:37.622+0000] {standard_task_runner.py:55} INFO - Started process 39678 to run task
[2023-04-11T17:26:37.634+0000] {standard_task_runner.py:82} INFO - Running: ['***', 'tasks', 'run', 'api_dag', 'is_api_available', 'scheduled__2023-04-08T00:00:00+00:00', '--job-id', '115', '--raw', '--subdir', 'DAGS_FOLDER/api.py', '--cfg-path', '/tmp/tmpr35y9qkw']
[2023-04-11T17:26:37.652+0000] {standard_task_runner.py:83} INFO - Job 115: Subtask is_api_available
[2023-04-11T17:26:37.944+0000] {task_command.py:376} INFO - Running <TaskInstance: api_dag.is_api_available scheduled__2023-04-08T00:00:00+00:00 [running]> on host c12a518d534c
[2023-04-11T17:26:38.287+0000] {taskinstance.py:1592} INFO - Exporting the following env vars:
AIRFLOW_CTX_DAG_OWNER=***
AIRFLOW_CTX_DAG_ID=api_dag
AIRFLOW_CTX_TASK_ID=is_api_available
AIRFLOW_CTX_EXECUTION_DATE=2023-04-08T00:00:00+00:00
AIRFLOW_CTX_TRY_NUMBER=1
AIRFLOW_CTX_DAG_RUN_ID=scheduled__2023-04-08T00:00:00+00:00
[2023-04-11T17:26:38.303+0000] {http.py:120} INFO - Poking: api/
[2023-04-11T17:26:38.483+0000] {base.py:71} INFO - Using connection ID 'user_api' for task execution.
[2023-04-11T17:26:38.536+0000] {http.py:148} INFO - Sending 'GET' to url: https://randomuser.me/api/
[2023-04-11T17:26:39.130+0000] {base.py:213} INFO - Success criteria met. Exiting.
[2023-04-11T17:26:39.173+0000] {taskinstance.py:1406} INFO - Marking task as SUCCESS. dag_id=api_dag, task_id=is_api_available, execution_date=20230408T000000, start_date=20230411T172637, end_date=20230411T172639
[2023-04-11T17:26:39.280+0000] {local_task_job.py:164} INFO - Task exited with return code 0
[2023-04-11T17:26:39.416+0000] {local_task_job.py:273} INFO - 1 downstream tasks scheduled from follow-on schedule check
