[2023-04-11T17:26:52.027+0000] {taskinstance.py:1165} INFO - Dependencies all met for <TaskInstance: api_dag.store_user scheduled__2023-04-08T00:00:00+00:00 [queued]>
[2023-04-11T17:26:52.051+0000] {taskinstance.py:1165} INFO - Dependencies all met for <TaskInstance: api_dag.store_user scheduled__2023-04-08T00:00:00+00:00 [queued]>
[2023-04-11T17:26:52.054+0000] {taskinstance.py:1362} INFO - 
--------------------------------------------------------------------------------
[2023-04-11T17:26:52.061+0000] {taskinstance.py:1363} INFO - Starting attempt 1 of 2
[2023-04-11T17:26:52.063+0000] {taskinstance.py:1364} INFO - 
--------------------------------------------------------------------------------
[2023-04-11T17:26:52.080+0000] {taskinstance.py:1383} INFO - Executing <Task(PythonOperator): store_user> on 2023-04-08 00:00:00+00:00
[2023-04-11T17:26:52.093+0000] {standard_task_runner.py:55} INFO - Started process 39714 to run task
[2023-04-11T17:26:52.107+0000] {standard_task_runner.py:82} INFO - Running: ['***', 'tasks', 'run', 'api_dag', 'store_user', 'scheduled__2023-04-08T00:00:00+00:00', '--job-id', '123', '--raw', '--subdir', 'DAGS_FOLDER/api.py', '--cfg-path', '/tmp/tmpqzpqkrwo']
[2023-04-11T17:26:52.112+0000] {standard_task_runner.py:83} INFO - Job 123: Subtask store_user
[2023-04-11T17:26:52.270+0000] {task_command.py:376} INFO - Running <TaskInstance: api_dag.store_user scheduled__2023-04-08T00:00:00+00:00 [running]> on host c12a518d534c
[2023-04-11T17:26:52.361+0000] {taskinstance.py:1592} INFO - Exporting the following env vars:
AIRFLOW_CTX_DAG_OWNER=***
AIRFLOW_CTX_DAG_ID=api_dag
AIRFLOW_CTX_TASK_ID=store_user
AIRFLOW_CTX_EXECUTION_DATE=2023-04-08T00:00:00+00:00
AIRFLOW_CTX_TRY_NUMBER=1
AIRFLOW_CTX_DAG_RUN_ID=scheduled__2023-04-08T00:00:00+00:00
[2023-04-11T17:26:52.365+0000] {postgres.py:129} INFO - Running copy expert: COPY user_details FROM stdin WITH DELIMITER as ',', filename: /tmp/processed_user.csv
[2023-04-11T17:26:52.391+0000] {base.py:71} INFO - Using connection ID 'postgres' for task execution.
[2023-04-11T17:26:52.425+0000] {python.py:177} INFO - Done. Returned value was: None
[2023-04-11T17:26:52.445+0000] {taskinstance.py:1406} INFO - Marking task as SUCCESS. dag_id=api_dag, task_id=store_user, execution_date=20230408T000000, start_date=20230411T172652, end_date=20230411T172652
[2023-04-11T17:26:52.561+0000] {local_task_job.py:164} INFO - Task exited with return code 0
[2023-04-11T17:26:52.586+0000] {local_task_job.py:273} INFO - 0 downstream tasks scheduled from follow-on schedule check
