[2023-04-08T23:28:39.229+0000] {taskinstance.py:1165} INFO - Dependencies all met for <TaskInstance: api_dag.check_for_api manual__2023-04-08T23:28:37.286351+00:00 [queued]>
[2023-04-08T23:28:39.236+0000] {taskinstance.py:1165} INFO - Dependencies all met for <TaskInstance: api_dag.check_for_api manual__2023-04-08T23:28:37.286351+00:00 [queued]>
[2023-04-08T23:28:39.238+0000] {taskinstance.py:1362} INFO - 
--------------------------------------------------------------------------------
[2023-04-08T23:28:39.239+0000] {taskinstance.py:1363} INFO - Starting attempt 1 of 2
[2023-04-08T23:28:39.242+0000] {taskinstance.py:1364} INFO - 
--------------------------------------------------------------------------------
[2023-04-08T23:28:39.250+0000] {taskinstance.py:1383} INFO - Executing <Task(HttpSensor): check_for_api> on 2023-04-08 23:28:37.286351+00:00
[2023-04-08T23:28:39.256+0000] {standard_task_runner.py:55} INFO - Started process 6961 to run task
[2023-04-08T23:28:39.260+0000] {standard_task_runner.py:82} INFO - Running: ['***', 'tasks', 'run', 'api_dag', 'check_for_api', 'manual__2023-04-08T23:28:37.286351+00:00', '--job-id', '20', '--raw', '--subdir', 'DAGS_FOLDER/api.py', '--cfg-path', '/tmp/tmpcgag14yh']
[2023-04-08T23:28:39.261+0000] {standard_task_runner.py:83} INFO - Job 20: Subtask check_for_api
[2023-04-08T23:28:39.319+0000] {task_command.py:376} INFO - Running <TaskInstance: api_dag.check_for_api manual__2023-04-08T23:28:37.286351+00:00 [running]> on host c12a518d534c
[2023-04-08T23:28:39.368+0000] {taskinstance.py:1592} INFO - Exporting the following env vars:
AIRFLOW_CTX_DAG_OWNER=***
AIRFLOW_CTX_DAG_ID=api_dag
AIRFLOW_CTX_TASK_ID=check_for_api
AIRFLOW_CTX_EXECUTION_DATE=2023-04-08T23:28:37.286351+00:00
AIRFLOW_CTX_TRY_NUMBER=1
AIRFLOW_CTX_DAG_RUN_ID=manual__2023-04-08T23:28:37.286351+00:00
[2023-04-08T23:28:39.370+0000] {http.py:120} INFO - Poking: api/
[2023-04-08T23:28:39.381+0000] {base.py:71} INFO - Using connection ID 'user_api' for task execution.
[2023-04-08T23:28:39.392+0000] {http.py:148} INFO - Sending 'GET' to url: https://randomuser.me/api/
[2023-04-08T23:28:39.718+0000] {base.py:213} INFO - Success criteria met. Exiting.
[2023-04-08T23:28:39.739+0000] {taskinstance.py:1406} INFO - Marking task as SUCCESS. dag_id=api_dag, task_id=check_for_api, execution_date=20230408T232837, start_date=20230408T232839, end_date=20230408T232839
[2023-04-08T23:28:39.768+0000] {local_task_job.py:164} INFO - Task exited with return code 0
[2023-04-08T23:28:39.784+0000] {local_task_job.py:273} INFO - 0 downstream tasks scheduled from follow-on schedule check
