[2023-04-08T19:49:09.915+0000] {taskinstance.py:1165} INFO - Dependencies all met for <TaskInstance: etl_dag.create_table manual__2023-04-08T19:49:09.122307+00:00 [queued]>
[2023-04-08T19:49:09.926+0000] {taskinstance.py:1165} INFO - Dependencies all met for <TaskInstance: etl_dag.create_table manual__2023-04-08T19:49:09.122307+00:00 [queued]>
[2023-04-08T19:49:09.927+0000] {taskinstance.py:1362} INFO - 
--------------------------------------------------------------------------------
[2023-04-08T19:49:09.928+0000] {taskinstance.py:1363} INFO - Starting attempt 1 of 2
[2023-04-08T19:49:09.928+0000] {taskinstance.py:1364} INFO - 
--------------------------------------------------------------------------------
[2023-04-08T19:49:09.938+0000] {taskinstance.py:1383} INFO - Executing <Task(PostgresOperator): create_table> on 2023-04-08 19:49:09.122307+00:00
[2023-04-08T19:49:09.945+0000] {standard_task_runner.py:55} INFO - Started process 625 to run task
[2023-04-08T19:49:09.950+0000] {standard_task_runner.py:82} INFO - Running: ['***', 'tasks', 'run', 'etl_dag', 'create_table', 'manual__2023-04-08T19:49:09.122307+00:00', '--job-id', '11', '--raw', '--subdir', 'DAGS_FOLDER/create_table.py', '--cfg-path', '/tmp/tmpqluwgplw']
[2023-04-08T19:49:09.951+0000] {standard_task_runner.py:83} INFO - Job 11: Subtask create_table
[2023-04-08T19:49:10.011+0000] {task_command.py:376} INFO - Running <TaskInstance: etl_dag.create_table manual__2023-04-08T19:49:09.122307+00:00 [running]> on host c12a518d534c
[2023-04-08T19:49:10.077+0000] {taskinstance.py:1592} INFO - Exporting the following env vars:
AIRFLOW_CTX_DAG_OWNER=***
AIRFLOW_CTX_DAG_ID=etl_dag
AIRFLOW_CTX_TASK_ID=create_table
AIRFLOW_CTX_EXECUTION_DATE=2023-04-08T19:49:09.122307+00:00
AIRFLOW_CTX_TRY_NUMBER=1
AIRFLOW_CTX_DAG_RUN_ID=manual__2023-04-08T19:49:09.122307+00:00
[2023-04-08T19:49:10.092+0000] {base.py:71} INFO - Using connection ID 'postgres' for task execution.
[2023-04-08T19:49:10.099+0000] {sql.py:315} INFO - Running statement: CREATE TABLE IF NOT EXISTS user_details (
    firstname VARCHAR NOT NULL,
    lastname VARCHAR NOT NULL,
    country VARCHAR NOT NULL,
    username VARCHAR UNIQUE NOT NULL,
    password VARCHAR NOT NULL,
    email VARCHAR UNIQUE NOT NULL);, parameters: None
[2023-04-08T19:49:10.129+0000] {taskinstance.py:1406} INFO - Marking task as SUCCESS. dag_id=etl_dag, task_id=create_table, execution_date=20230408T194909, start_date=20230408T194909, end_date=20230408T194910
[2023-04-08T19:49:10.161+0000] {local_task_job.py:164} INFO - Task exited with return code 0
[2023-04-08T19:49:10.181+0000] {local_task_job.py:273} INFO - 1 downstream tasks scheduled from follow-on schedule check
