[2023-04-11T17:26:52.046+0000] {taskinstance.py:1165} INFO - Dependencies all met for <TaskInstance: api_dag.extract_user manual__2023-04-11T17:26:26.814485+00:00 [queued]>
[2023-04-11T17:26:52.060+0000] {taskinstance.py:1165} INFO - Dependencies all met for <TaskInstance: api_dag.extract_user manual__2023-04-11T17:26:26.814485+00:00 [queued]>
[2023-04-11T17:26:52.061+0000] {taskinstance.py:1362} INFO - 
--------------------------------------------------------------------------------
[2023-04-11T17:26:52.063+0000] {taskinstance.py:1363} INFO - Starting attempt 1 of 2
[2023-04-11T17:26:52.064+0000] {taskinstance.py:1364} INFO - 
--------------------------------------------------------------------------------
[2023-04-11T17:26:52.083+0000] {taskinstance.py:1383} INFO - Executing <Task(SimpleHttpOperator): extract_user> on 2023-04-11 17:26:26.814485+00:00
[2023-04-11T17:26:52.093+0000] {standard_task_runner.py:55} INFO - Started process 39715 to run task
[2023-04-11T17:26:52.107+0000] {standard_task_runner.py:82} INFO - Running: ['***', 'tasks', 'run', 'api_dag', 'extract_user', 'manual__2023-04-11T17:26:26.814485+00:00', '--job-id', '124', '--raw', '--subdir', 'DAGS_FOLDER/api.py', '--cfg-path', '/tmp/tmpumn6jvh7']
[2023-04-11T17:26:52.112+0000] {standard_task_runner.py:83} INFO - Job 124: Subtask extract_user
[2023-04-11T17:26:52.266+0000] {task_command.py:376} INFO - Running <TaskInstance: api_dag.extract_user manual__2023-04-11T17:26:26.814485+00:00 [running]> on host c12a518d534c
[2023-04-11T17:26:52.427+0000] {taskinstance.py:1592} INFO - Exporting the following env vars:
AIRFLOW_CTX_DAG_OWNER=***
AIRFLOW_CTX_DAG_ID=api_dag
AIRFLOW_CTX_TASK_ID=extract_user
AIRFLOW_CTX_EXECUTION_DATE=2023-04-11T17:26:26.814485+00:00
AIRFLOW_CTX_TRY_NUMBER=1
AIRFLOW_CTX_DAG_RUN_ID=manual__2023-04-11T17:26:26.814485+00:00
[2023-04-11T17:26:52.431+0000] {http.py:121} INFO - Calling HTTP method
[2023-04-11T17:26:52.447+0000] {base.py:71} INFO - Using connection ID 'user_api' for task execution.
[2023-04-11T17:26:52.469+0000] {http.py:148} INFO - Sending 'GET' to url: https://randomuser.me/api/
[2023-04-11T17:26:52.731+0000] {http.py:125} INFO - {"results":[{"gender":"male","name":{"title":"Mr","first":"Clifford","last":"Perry"},"location":{"street":{"number":9164,"name":"Killarney Road"},"city":"Cashel","state":"Galway City","country":"Ireland","postcode":64698,"coordinates":{"latitude":"3.3796","longitude":"-94.3055"},"timezone":{"offset":"-6:00","description":"Central Time (US & Canada), Mexico City"}},"email":"clifford.perry@example.com","login":{"uuid":"2b3e5359-74e8-453a-8330-22b41717c4a5","username":"bluebird249","password":"chacha","salt":"Bt5FunMb","md5":"970d2cc333a5c127e9f499c79020a05f","sha1":"9b1c58722c61664cc322a4678fac445187253811","sha256":"fd23a7987034bfdd1a0baa94dac0d9a14ae1165f39cb99465bdc918602050f3f"},"dob":{"date":"1954-02-02T22:40:57.823Z","age":69},"registered":{"date":"2016-11-04T09:48:37.596Z","age":6},"phone":"011-404-8263","cell":"081-418-5280","id":{"name":"PPS","value":"9786487T"},"picture":{"large":"https://randomuser.me/api/portraits/men/26.jpg","medium":"https://randomuser.me/api/portraits/med/men/26.jpg","thumbnail":"https://randomuser.me/api/portraits/thumb/men/26.jpg"},"nat":"IE"}],"info":{"seed":"1f786f2cef2a8401","results":1,"page":1,"version":"1.4"}}
[2023-04-11T17:26:52.778+0000] {taskinstance.py:1406} INFO - Marking task as SUCCESS. dag_id=api_dag, task_id=extract_user, execution_date=20230411T172626, start_date=20230411T172652, end_date=20230411T172652
[2023-04-11T17:26:52.844+0000] {local_task_job.py:164} INFO - Task exited with return code 0
[2023-04-11T17:26:52.881+0000] {local_task_job.py:273} INFO - 1 downstream tasks scheduled from follow-on schedule check
