[2023-04-09T00:33:16.270+0000] {taskinstance.py:1165} INFO - Dependencies all met for <TaskInstance: api_dag.create_table manual__2023-04-09T00:28:13.687031+00:00 [queued]>
[2023-04-09T00:33:16.278+0000] {taskinstance.py:1165} INFO - Dependencies all met for <TaskInstance: api_dag.create_table manual__2023-04-09T00:28:13.687031+00:00 [queued]>
[2023-04-09T00:33:16.279+0000] {taskinstance.py:1362} INFO - 
--------------------------------------------------------------------------------
[2023-04-09T00:33:16.280+0000] {taskinstance.py:1363} INFO - Starting attempt 2 of 2
[2023-04-09T00:33:16.281+0000] {taskinstance.py:1364} INFO - 
--------------------------------------------------------------------------------
[2023-04-09T00:33:16.290+0000] {taskinstance.py:1383} INFO - Executing <Task(PostgresOperator): create_table> on 2023-04-09 00:28:13.687031+00:00
[2023-04-09T00:33:16.296+0000] {standard_task_runner.py:55} INFO - Started process 9700 to run task
[2023-04-09T00:33:16.301+0000] {standard_task_runner.py:82} INFO - Running: ['***', 'tasks', 'run', 'api_dag', 'create_table', 'manual__2023-04-09T00:28:13.687031+00:00', '--job-id', '62', '--raw', '--subdir', 'DAGS_FOLDER/api.py', '--cfg-path', '/tmp/tmprfi9yipe']
[2023-04-09T00:33:16.304+0000] {standard_task_runner.py:83} INFO - Job 62: Subtask create_table
[2023-04-09T00:33:16.367+0000] {task_command.py:376} INFO - Running <TaskInstance: api_dag.create_table manual__2023-04-09T00:28:13.687031+00:00 [running]> on host c12a518d534c
[2023-04-09T00:33:16.423+0000] {taskinstance.py:1592} INFO - Exporting the following env vars:
AIRFLOW_CTX_DAG_OWNER=***
AIRFLOW_CTX_DAG_ID=api_dag
AIRFLOW_CTX_TASK_ID=create_table
AIRFLOW_CTX_EXECUTION_DATE=2023-04-09T00:28:13.687031+00:00
AIRFLOW_CTX_TRY_NUMBER=2
AIRFLOW_CTX_DAG_RUN_ID=manual__2023-04-09T00:28:13.687031+00:00
[2023-04-09T00:33:16.434+0000] {base.py:71} INFO - Using connection ID 'postgres' for task execution.
[2023-04-09T00:33:16.440+0000] {sql.py:315} INFO - Running statement: Drop table user_details;

CREATE TABLE IF NOT EXISTS user_details (
    firstname VARCHAR NOT NULL,
    lastname VARCHAR NOT NULL);, parameters: None
[2023-04-09T00:33:16.456+0000] {taskinstance.py:1406} INFO - Marking task as SUCCESS. dag_id=api_dag, task_id=create_table, execution_date=20230409T002813, start_date=20230409T003316, end_date=20230409T003316
[2023-04-09T00:33:16.513+0000] {local_task_job.py:164} INFO - Task exited with return code 0
[2023-04-09T00:33:16.537+0000] {local_task_job.py:273} INFO - 1 downstream tasks scheduled from follow-on schedule check
