[2023-04-08T05:45:16.462+0000] {taskinstance.py:1165} INFO - Dependencies all met for <TaskInstance: example_bash_operator.runme_1 scheduled__2023-04-07T00:00:00+00:00 [queued]>
[2023-04-08T05:45:16.490+0000] {taskinstance.py:1165} INFO - Dependencies all met for <TaskInstance: example_bash_operator.runme_1 scheduled__2023-04-07T00:00:00+00:00 [queued]>
[2023-04-08T05:45:16.492+0000] {taskinstance.py:1362} INFO - 
--------------------------------------------------------------------------------
[2023-04-08T05:45:16.493+0000] {taskinstance.py:1363} INFO - Starting attempt 1 of 1
[2023-04-08T05:45:16.495+0000] {taskinstance.py:1364} INFO - 
--------------------------------------------------------------------------------
[2023-04-08T05:45:16.518+0000] {taskinstance.py:1383} INFO - Executing <Task(BashOperator): runme_1> on 2023-04-07 00:00:00+00:00
[2023-04-08T05:45:16.524+0000] {standard_task_runner.py:55} INFO - Started process 439 to run task
[2023-04-08T05:45:16.529+0000] {standard_task_runner.py:82} INFO - Running: ['***', 'tasks', 'run', 'example_bash_operator', 'runme_1', 'scheduled__2023-04-07T00:00:00+00:00', '--job-id', '5', '--raw', '--subdir', '/home/***/.local/lib/python3.7/site-packages/***/example_dags/example_bash_operator.py', '--cfg-path', '/tmp/tmpt5sv5hft']
[2023-04-08T05:45:16.530+0000] {standard_task_runner.py:83} INFO - Job 5: Subtask runme_1
[2023-04-08T05:45:16.668+0000] {task_command.py:376} INFO - Running <TaskInstance: example_bash_operator.runme_1 scheduled__2023-04-07T00:00:00+00:00 [running]> on host c3077597e975
[2023-04-08T05:45:16.781+0000] {taskinstance.py:1592} INFO - Exporting the following env vars:
AIRFLOW_CTX_DAG_OWNER=***
AIRFLOW_CTX_DAG_ID=example_bash_operator
AIRFLOW_CTX_TASK_ID=runme_1
AIRFLOW_CTX_EXECUTION_DATE=2023-04-07T00:00:00+00:00
AIRFLOW_CTX_TRY_NUMBER=1
AIRFLOW_CTX_DAG_RUN_ID=scheduled__2023-04-07T00:00:00+00:00
[2023-04-08T05:45:16.786+0000] {subprocess.py:63} INFO - Tmp dir root location: 
 /tmp
[2023-04-08T05:45:16.788+0000] {subprocess.py:75} INFO - Running command: ['/bin/bash', '-c', 'echo "example_bash_operator__runme_1__20230407" && sleep 1']
[2023-04-08T05:45:16.802+0000] {subprocess.py:86} INFO - Output:
[2023-04-08T05:45:16.810+0000] {subprocess.py:93} INFO - example_bash_operator__runme_1__20230407
[2023-04-08T05:45:17.817+0000] {subprocess.py:97} INFO - Command exited with return code 0
[2023-04-08T05:45:17.874+0000] {taskinstance.py:1406} INFO - Marking task as SUCCESS. dag_id=example_bash_operator, task_id=runme_1, execution_date=20230407T000000, start_date=20230408T054516, end_date=20230408T054517
[2023-04-08T05:45:17.940+0000] {local_task_job.py:164} INFO - Task exited with return code 0
[2023-04-08T05:45:17.984+0000] {local_task_job.py:273} INFO - 1 downstream tasks scheduled from follow-on schedule check
