[2023-04-09T00:34:56.604+0000] {taskinstance.py:1165} INFO - Dependencies all met for <TaskInstance: api_dag.create_table manual__2023-04-09T00:34:55.205875+00:00 [queued]>
[2023-04-09T00:34:56.611+0000] {taskinstance.py:1165} INFO - Dependencies all met for <TaskInstance: api_dag.create_table manual__2023-04-09T00:34:55.205875+00:00 [queued]>
[2023-04-09T00:34:56.612+0000] {taskinstance.py:1362} INFO - 
--------------------------------------------------------------------------------
[2023-04-09T00:34:56.613+0000] {taskinstance.py:1363} INFO - Starting attempt 1 of 2
[2023-04-09T00:34:56.614+0000] {taskinstance.py:1364} INFO - 
--------------------------------------------------------------------------------
[2023-04-09T00:34:56.622+0000] {taskinstance.py:1383} INFO - Executing <Task(PostgresOperator): create_table> on 2023-04-09 00:34:55.205875+00:00
[2023-04-09T00:34:56.629+0000] {standard_task_runner.py:55} INFO - Started process 9808 to run task
[2023-04-09T00:34:56.633+0000] {standard_task_runner.py:82} INFO - Running: ['***', 'tasks', 'run', 'api_dag', 'create_table', 'manual__2023-04-09T00:34:55.205875+00:00', '--job-id', '71', '--raw', '--subdir', 'DAGS_FOLDER/api.py', '--cfg-path', '/tmp/tmpq5o_pua_']
[2023-04-09T00:34:56.636+0000] {standard_task_runner.py:83} INFO - Job 71: Subtask create_table
[2023-04-09T00:34:56.730+0000] {task_command.py:376} INFO - Running <TaskInstance: api_dag.create_table manual__2023-04-09T00:34:55.205875+00:00 [running]> on host c12a518d534c
[2023-04-09T00:34:56.797+0000] {taskinstance.py:1592} INFO - Exporting the following env vars:
AIRFLOW_CTX_DAG_OWNER=***
AIRFLOW_CTX_DAG_ID=api_dag
AIRFLOW_CTX_TASK_ID=create_table
AIRFLOW_CTX_EXECUTION_DATE=2023-04-09T00:34:55.205875+00:00
AIRFLOW_CTX_TRY_NUMBER=1
AIRFLOW_CTX_DAG_RUN_ID=manual__2023-04-09T00:34:55.205875+00:00
[2023-04-09T00:34:56.807+0000] {base.py:71} INFO - Using connection ID 'postgres' for task execution.
[2023-04-09T00:34:56.813+0000] {sql.py:315} INFO - Running statement: Drop table user_details;

CREATE TABLE IF NOT EXISTS user_details (
    firstname VARCHAR NOT NULL,
    lastname VARCHAR NOT NULL,
    country VARCHAR);, parameters: None
[2023-04-09T00:34:56.830+0000] {taskinstance.py:1406} INFO - Marking task as SUCCESS. dag_id=api_dag, task_id=create_table, execution_date=20230409T003455, start_date=20230409T003456, end_date=20230409T003456
[2023-04-09T00:34:56.885+0000] {local_task_job.py:164} INFO - Task exited with return code 0
[2023-04-09T00:34:56.907+0000] {local_task_job.py:273} INFO - 1 downstream tasks scheduled from follow-on schedule check
