[2023-04-09T00:19:41.200+0000] {taskinstance.py:1165} INFO - Dependencies all met for <TaskInstance: api_dag.extract_user manual__2023-04-09T00:19:37.955577+00:00 [queued]>
[2023-04-09T00:19:41.208+0000] {taskinstance.py:1165} INFO - Dependencies all met for <TaskInstance: api_dag.extract_user manual__2023-04-09T00:19:37.955577+00:00 [queued]>
[2023-04-09T00:19:41.209+0000] {taskinstance.py:1362} INFO - 
--------------------------------------------------------------------------------
[2023-04-09T00:19:41.209+0000] {taskinstance.py:1363} INFO - Starting attempt 1 of 2
[2023-04-09T00:19:41.210+0000] {taskinstance.py:1364} INFO - 
--------------------------------------------------------------------------------
[2023-04-09T00:19:41.220+0000] {taskinstance.py:1383} INFO - Executing <Task(SimpleHttpOperator): extract_user> on 2023-04-09 00:19:37.955577+00:00
[2023-04-09T00:19:41.227+0000] {standard_task_runner.py:55} INFO - Started process 8969 to run task
[2023-04-09T00:19:41.231+0000] {standard_task_runner.py:82} INFO - Running: ['***', 'tasks', 'run', 'api_dag', 'extract_user', 'manual__2023-04-09T00:19:37.955577+00:00', '--job-id', '40', '--raw', '--subdir', 'DAGS_FOLDER/api.py', '--cfg-path', '/tmp/tmpbe3asq2w']
[2023-04-09T00:19:41.241+0000] {standard_task_runner.py:83} INFO - Job 40: Subtask extract_user
[2023-04-09T00:19:41.322+0000] {task_command.py:376} INFO - Running <TaskInstance: api_dag.extract_user manual__2023-04-09T00:19:37.955577+00:00 [running]> on host c12a518d534c
[2023-04-09T00:19:41.410+0000] {taskinstance.py:1592} INFO - Exporting the following env vars:
AIRFLOW_CTX_DAG_OWNER=***
AIRFLOW_CTX_DAG_ID=api_dag
AIRFLOW_CTX_TASK_ID=extract_user
AIRFLOW_CTX_EXECUTION_DATE=2023-04-09T00:19:37.955577+00:00
AIRFLOW_CTX_TRY_NUMBER=1
AIRFLOW_CTX_DAG_RUN_ID=manual__2023-04-09T00:19:37.955577+00:00
[2023-04-09T00:19:41.413+0000] {http.py:121} INFO - Calling HTTP method
[2023-04-09T00:19:41.429+0000] {base.py:71} INFO - Using connection ID 'user_api' for task execution.
[2023-04-09T00:19:41.434+0000] {http.py:148} INFO - Sending 'GET' to url: https://randomuser.me/api/
[2023-04-09T00:19:41.664+0000] {http.py:125} INFO - {"results":[{"gender":"male","name":{"title":"Mr","first":"Danny","last":"Gerhards"},"location":{"street":{"number":1765,"name":"Kastanienweg"},"city":"Weismain","state":"Sachsen-Anhalt","country":"Germany","postcode":14066,"coordinates":{"latitude":"-51.1932","longitude":"-14.2077"},"timezone":{"offset":"+8:00","description":"Beijing, Perth, Singapore, Hong Kong"}},"email":"danny.gerhards@example.com","login":{"uuid":"23d27ed0-a746-4835-a142-6eb71027573a","username":"crazycat446","password":"ashleigh","salt":"PDpxGmwO","md5":"76eeaef3d5dff0ec7ffd2521aec076d8","sha1":"c066010dab91762af27a012cd15b1865049ec747","sha256":"c5388479bc20d603c37f5a5e08f3987017ad3f41af888394dd382cd894783b30"},"dob":{"date":"1997-07-10T19:03:08.432Z","age":25},"registered":{"date":"2017-03-02T05:22:12.527Z","age":6},"phone":"0001-4342683","cell":"0178-2001065","id":{"name":"SVNR","value":"26 100797 G 145"},"picture":{"large":"https://randomuser.me/api/portraits/men/49.jpg","medium":"https://randomuser.me/api/portraits/med/men/49.jpg","thumbnail":"https://randomuser.me/api/portraits/thumb/men/49.jpg"},"nat":"DE"}],"info":{"seed":"4d334e93660ee33d","results":1,"page":1,"version":"1.4"}}
[2023-04-09T00:19:41.705+0000] {taskinstance.py:1406} INFO - Marking task as SUCCESS. dag_id=api_dag, task_id=extract_user, execution_date=20230409T001937, start_date=20230409T001941, end_date=20230409T001941
[2023-04-09T00:19:41.734+0000] {local_task_job.py:164} INFO - Task exited with return code 0
[2023-04-09T00:19:41.763+0000] {local_task_job.py:273} INFO - 1 downstream tasks scheduled from follow-on schedule check
