[2023-04-09T00:33:21.077+0000] {taskinstance.py:1165} INFO - Dependencies all met for <TaskInstance: api_dag.store_user manual__2023-04-09T00:28:13.687031+00:00 [queued]>
[2023-04-09T00:33:21.083+0000] {taskinstance.py:1165} INFO - Dependencies all met for <TaskInstance: api_dag.store_user manual__2023-04-09T00:28:13.687031+00:00 [queued]>
[2023-04-09T00:33:21.084+0000] {taskinstance.py:1362} INFO - 
--------------------------------------------------------------------------------
[2023-04-09T00:33:21.085+0000] {taskinstance.py:1363} INFO - Starting attempt 1 of 2
[2023-04-09T00:33:21.086+0000] {taskinstance.py:1364} INFO - 
--------------------------------------------------------------------------------
[2023-04-09T00:33:21.093+0000] {taskinstance.py:1383} INFO - Executing <Task(PythonOperator): store_user> on 2023-04-09 00:28:13.687031+00:00
[2023-04-09T00:33:21.098+0000] {standard_task_runner.py:55} INFO - Started process 9712 to run task
[2023-04-09T00:33:21.102+0000] {standard_task_runner.py:82} INFO - Running: ['***', 'tasks', 'run', 'api_dag', 'store_user', 'manual__2023-04-09T00:28:13.687031+00:00', '--job-id', '66', '--raw', '--subdir', 'DAGS_FOLDER/api.py', '--cfg-path', '/tmp/tmpn8e86ib9']
[2023-04-09T00:33:21.104+0000] {standard_task_runner.py:83} INFO - Job 66: Subtask store_user
[2023-04-09T00:33:21.162+0000] {task_command.py:376} INFO - Running <TaskInstance: api_dag.store_user manual__2023-04-09T00:28:13.687031+00:00 [running]> on host c12a518d534c
[2023-04-09T00:33:21.210+0000] {taskinstance.py:1592} INFO - Exporting the following env vars:
AIRFLOW_CTX_DAG_OWNER=***
AIRFLOW_CTX_DAG_ID=api_dag
AIRFLOW_CTX_TASK_ID=store_user
AIRFLOW_CTX_EXECUTION_DATE=2023-04-09T00:28:13.687031+00:00
AIRFLOW_CTX_TRY_NUMBER=1
AIRFLOW_CTX_DAG_RUN_ID=manual__2023-04-09T00:28:13.687031+00:00
[2023-04-09T00:33:21.212+0000] {postgres.py:129} INFO - Running copy expert: COPY user_details FROM stdin WITH DELIMITER as ',', filename: /tmp/processed_user.csv
[2023-04-09T00:33:21.223+0000] {base.py:71} INFO - Using connection ID 'postgres' for task execution.
[2023-04-09T00:33:21.233+0000] {python.py:177} INFO - Done. Returned value was: None
[2023-04-09T00:33:21.245+0000] {taskinstance.py:1406} INFO - Marking task as SUCCESS. dag_id=api_dag, task_id=store_user, execution_date=20230409T002813, start_date=20230409T003321, end_date=20230409T003321
[2023-04-09T00:33:21.276+0000] {local_task_job.py:164} INFO - Task exited with return code 0
[2023-04-09T00:33:21.293+0000] {local_task_job.py:273} INFO - 0 downstream tasks scheduled from follow-on schedule check
