[2023-04-09T00:00:04.433+0000] {taskinstance.py:1165} INFO - Dependencies all met for <TaskInstance: api_dag.extract_user scheduled__2023-04-08T00:00:00+00:00 [queued]>
[2023-04-09T00:00:04.447+0000] {taskinstance.py:1165} INFO - Dependencies all met for <TaskInstance: api_dag.extract_user scheduled__2023-04-08T00:00:00+00:00 [queued]>
[2023-04-09T00:00:04.449+0000] {taskinstance.py:1362} INFO - 
--------------------------------------------------------------------------------
[2023-04-09T00:00:04.450+0000] {taskinstance.py:1363} INFO - Starting attempt 1 of 2
[2023-04-09T00:00:04.451+0000] {taskinstance.py:1364} INFO - 
--------------------------------------------------------------------------------
[2023-04-09T00:00:04.463+0000] {taskinstance.py:1383} INFO - Executing <Task(SimpleHttpOperator): extract_user> on 2023-04-08 00:00:00+00:00
[2023-04-09T00:00:04.480+0000] {standard_task_runner.py:55} INFO - Started process 8527 to run task
[2023-04-09T00:00:04.487+0000] {standard_task_runner.py:82} INFO - Running: ['***', 'tasks', 'run', 'api_dag', 'extract_user', 'scheduled__2023-04-08T00:00:00+00:00', '--job-id', '31', '--raw', '--subdir', 'DAGS_FOLDER/api.py', '--cfg-path', '/tmp/tmp_pdhebe6']
[2023-04-09T00:00:04.491+0000] {standard_task_runner.py:83} INFO - Job 31: Subtask extract_user
[2023-04-09T00:00:04.580+0000] {task_command.py:376} INFO - Running <TaskInstance: api_dag.extract_user scheduled__2023-04-08T00:00:00+00:00 [running]> on host c12a518d534c
[2023-04-09T00:00:04.655+0000] {taskinstance.py:1592} INFO - Exporting the following env vars:
AIRFLOW_CTX_DAG_OWNER=***
AIRFLOW_CTX_DAG_ID=api_dag
AIRFLOW_CTX_TASK_ID=extract_user
AIRFLOW_CTX_EXECUTION_DATE=2023-04-08T00:00:00+00:00
AIRFLOW_CTX_TRY_NUMBER=1
AIRFLOW_CTX_DAG_RUN_ID=scheduled__2023-04-08T00:00:00+00:00
[2023-04-09T00:00:04.658+0000] {http.py:121} INFO - Calling HTTP method
[2023-04-09T00:00:04.669+0000] {base.py:71} INFO - Using connection ID 'user_api' for task execution.
[2023-04-09T00:00:04.673+0000] {http.py:148} INFO - Sending 'GET' to url: https://randomuser.me/api/
[2023-04-09T00:00:04.892+0000] {http.py:125} INFO - {"results":[{"gender":"female","name":{"title":"Mrs","first":"Rosa","last":"Sørensen"},"location":{"street":{"number":3933,"name":"Horsensvej"},"city":"Nykøbing Sj.","state":"Midtjylland","country":"Denmark","postcode":59427,"coordinates":{"latitude":"-39.3939","longitude":"41.7850"},"timezone":{"offset":"-5:00","description":"Eastern Time (US & Canada), Bogota, Lima"}},"email":"rosa.sorensen@example.com","login":{"uuid":"ce646587-86bc-4efc-a54e-8efbb6ca86d3","username":"whiteleopard896","password":"dogfood","salt":"ySV48W6v","md5":"3fbb70b96197b7bf7d017dc5d7a7ceca","sha1":"9ffd8ab76b0ec0ac4dd74abcc8872c02feb3897e","sha256":"2587a9d0a98a17350d8c7f3126bbed00e6b4bdc79e78366a69942b8224ff9b9e"},"dob":{"date":"2000-11-18T04:27:33.913Z","age":22},"registered":{"date":"2016-03-24T17:24:02.943Z","age":7},"phone":"38653829","cell":"78554801","id":{"name":"CPR","value":"1711100-7488"},"picture":{"large":"https://randomuser.me/api/portraits/women/67.jpg","medium":"https://randomuser.me/api/portraits/med/women/67.jpg","thumbnail":"https://randomuser.me/api/portraits/thumb/women/67.jpg"},"nat":"DK"}],"info":{"seed":"ef53526538d61583","results":1,"page":1,"version":"1.4"}}
[2023-04-09T00:00:04.917+0000] {taskinstance.py:1406} INFO - Marking task as SUCCESS. dag_id=api_dag, task_id=extract_user, execution_date=20230408T000000, start_date=20230409T000004, end_date=20230409T000004
[2023-04-09T00:00:04.943+0000] {local_task_job.py:164} INFO - Task exited with return code 0
[2023-04-09T00:00:04.981+0000] {local_task_job.py:273} INFO - 0 downstream tasks scheduled from follow-on schedule check
[2023-04-11T17:26:42.752+0000] {taskinstance.py:1165} INFO - Dependencies all met for <TaskInstance: api_dag.extract_user scheduled__2023-04-08T00:00:00+00:00 [queued]>
[2023-04-11T17:26:42.802+0000] {taskinstance.py:1165} INFO - Dependencies all met for <TaskInstance: api_dag.extract_user scheduled__2023-04-08T00:00:00+00:00 [queued]>
[2023-04-11T17:26:42.816+0000] {taskinstance.py:1362} INFO - 
--------------------------------------------------------------------------------
[2023-04-11T17:26:42.820+0000] {taskinstance.py:1363} INFO - Starting attempt 1 of 2
[2023-04-11T17:26:42.821+0000] {taskinstance.py:1364} INFO - 
--------------------------------------------------------------------------------
[2023-04-11T17:26:42.864+0000] {taskinstance.py:1383} INFO - Executing <Task(SimpleHttpOperator): extract_user> on 2023-04-08 00:00:00+00:00
[2023-04-11T17:26:42.901+0000] {standard_task_runner.py:55} INFO - Started process 39694 to run task
[2023-04-11T17:26:42.920+0000] {standard_task_runner.py:82} INFO - Running: ['***', 'tasks', 'run', 'api_dag', 'extract_user', 'scheduled__2023-04-08T00:00:00+00:00', '--job-id', '117', '--raw', '--subdir', 'DAGS_FOLDER/api.py', '--cfg-path', '/tmp/tmpxopr61ae']
[2023-04-11T17:26:42.925+0000] {standard_task_runner.py:83} INFO - Job 117: Subtask extract_user
[2023-04-11T17:26:43.638+0000] {task_command.py:376} INFO - Running <TaskInstance: api_dag.extract_user scheduled__2023-04-08T00:00:00+00:00 [running]> on host c12a518d534c
[2023-04-11T17:26:43.957+0000] {taskinstance.py:1592} INFO - Exporting the following env vars:
AIRFLOW_CTX_DAG_OWNER=***
AIRFLOW_CTX_DAG_ID=api_dag
AIRFLOW_CTX_TASK_ID=extract_user
AIRFLOW_CTX_EXECUTION_DATE=2023-04-08T00:00:00+00:00
AIRFLOW_CTX_TRY_NUMBER=1
AIRFLOW_CTX_DAG_RUN_ID=scheduled__2023-04-08T00:00:00+00:00
[2023-04-11T17:26:43.961+0000] {http.py:121} INFO - Calling HTTP method
[2023-04-11T17:26:44.002+0000] {base.py:71} INFO - Using connection ID 'user_api' for task execution.
[2023-04-11T17:26:44.013+0000] {http.py:148} INFO - Sending 'GET' to url: https://randomuser.me/api/
[2023-04-11T17:26:44.421+0000] {http.py:125} INFO - {"results":[{"gender":"male","name":{"title":"Mr","first":"Mathew","last":"Douglas"},"location":{"street":{"number":2426,"name":"Church Street"},"city":"Exeter","state":"Suffolk","country":"United Kingdom","postcode":"K3G 2GZ","coordinates":{"latitude":"-8.8608","longitude":"-26.1912"},"timezone":{"offset":"-4:00","description":"Atlantic Time (Canada), Caracas, La Paz"}},"email":"mathew.douglas@example.com","login":{"uuid":"a34325d4-b82a-4300-b315-12c3879ea134","username":"beautifulgoose177","password":"chen","salt":"THiQmacU","md5":"83293b8a7814855998c8870df766ef5b","sha1":"54f33466a242a6ac9f26f311a9f1e91b7116f0f6","sha256":"277d7047b345ac0a999fab53946a7025e50d2f63f0056e6506ef53dea43f3e49"},"dob":{"date":"1954-02-27T11:20:42.381Z","age":69},"registered":{"date":"2018-03-09T15:41:03.699Z","age":5},"phone":"017683 18134","cell":"07045 591558","id":{"name":"NINO","value":"RJ 26 77 73 S"},"picture":{"large":"https://randomuser.me/api/portraits/men/20.jpg","medium":"https://randomuser.me/api/portraits/med/men/20.jpg","thumbnail":"https://randomuser.me/api/portraits/thumb/men/20.jpg"},"nat":"GB"}],"info":{"seed":"ebd10a65c6b5bed6","results":1,"page":1,"version":"1.4"}}
[2023-04-11T17:26:44.890+0000] {taskinstance.py:1406} INFO - Marking task as SUCCESS. dag_id=api_dag, task_id=extract_user, execution_date=20230408T000000, start_date=20230411T172642, end_date=20230411T172644
[2023-04-11T17:26:45.152+0000] {local_task_job.py:164} INFO - Task exited with return code 0
[2023-04-11T17:26:45.394+0000] {local_task_job.py:273} INFO - 0 downstream tasks scheduled from follow-on schedule check
