[2023-04-08T23:48:15.923+0000] {taskinstance.py:1165} INFO - Dependencies all met for <TaskInstance: api_dag.extract_user manual__2023-04-08T23:48:10.460350+00:00 [queued]>
[2023-04-08T23:48:15.934+0000] {taskinstance.py:1165} INFO - Dependencies all met for <TaskInstance: api_dag.extract_user manual__2023-04-08T23:48:10.460350+00:00 [queued]>
[2023-04-08T23:48:15.935+0000] {taskinstance.py:1362} INFO - 
--------------------------------------------------------------------------------
[2023-04-08T23:48:15.936+0000] {taskinstance.py:1363} INFO - Starting attempt 1 of 2
[2023-04-08T23:48:15.937+0000] {taskinstance.py:1364} INFO - 
--------------------------------------------------------------------------------
[2023-04-08T23:48:15.948+0000] {taskinstance.py:1383} INFO - Executing <Task(SimpleHttpOperator): extract_user> on 2023-04-08 23:48:10.460350+00:00
[2023-04-08T23:48:15.956+0000] {standard_task_runner.py:55} INFO - Started process 7937 to run task
[2023-04-08T23:48:15.961+0000] {standard_task_runner.py:82} INFO - Running: ['***', 'tasks', 'run', 'api_dag', 'extract_user', 'manual__2023-04-08T23:48:10.460350+00:00', '--job-id', '26', '--raw', '--subdir', 'DAGS_FOLDER/api.py', '--cfg-path', '/tmp/tmpb21a0m9n']
[2023-04-08T23:48:15.965+0000] {standard_task_runner.py:83} INFO - Job 26: Subtask extract_user
[2023-04-08T23:48:16.057+0000] {task_command.py:376} INFO - Running <TaskInstance: api_dag.extract_user manual__2023-04-08T23:48:10.460350+00:00 [running]> on host c12a518d534c
[2023-04-08T23:48:16.135+0000] {taskinstance.py:1592} INFO - Exporting the following env vars:
AIRFLOW_CTX_DAG_OWNER=***
AIRFLOW_CTX_DAG_ID=api_dag
AIRFLOW_CTX_TASK_ID=extract_user
AIRFLOW_CTX_EXECUTION_DATE=2023-04-08T23:48:10.460350+00:00
AIRFLOW_CTX_TRY_NUMBER=1
AIRFLOW_CTX_DAG_RUN_ID=manual__2023-04-08T23:48:10.460350+00:00
[2023-04-08T23:48:16.138+0000] {http.py:121} INFO - Calling HTTP method
[2023-04-08T23:48:16.163+0000] {base.py:71} INFO - Using connection ID 'user_api' for task execution.
[2023-04-08T23:48:16.170+0000] {http.py:148} INFO - Sending 'GET' to url: https://randomuser.me/api/
[2023-04-08T23:48:16.412+0000] {http.py:125} INFO - {"results":[{"gender":"male","name":{"title":"Mr","first":"Çetin","last":"Çetin"},"location":{"street":{"number":3415,"name":"Mevlana Cd"},"city":"Artvin","state":"Adana","country":"Turkey","postcode":78866,"coordinates":{"latitude":"69.4551","longitude":"-171.5069"},"timezone":{"offset":"-2:00","description":"Mid-Atlantic"}},"email":"cetin.cetin@example.com","login":{"uuid":"3e55e10c-9fcc-4edb-a73a-d9153650b13a","username":"bluemouse848","password":"jockey","salt":"J9UX5ZUQ","md5":"a69916bea0b6d89d022a2b269b5b0cec","sha1":"cadd925382f7de0fcb12a2708e4cbc1e7933ca05","sha256":"77b6c82330fe86100733a6c012ea7290ca71a80c8393775f58fe26548430f7d1"},"dob":{"date":"1978-03-06T04:24:02.206Z","age":45},"registered":{"date":"2003-10-20T03:41:35.923Z","age":19},"phone":"(233)-070-2681","cell":"(042)-395-6403","id":{"name":"","value":null},"picture":{"large":"https://randomuser.me/api/portraits/men/34.jpg","medium":"https://randomuser.me/api/portraits/med/men/34.jpg","thumbnail":"https://randomuser.me/api/portraits/thumb/men/34.jpg"},"nat":"TR"}],"info":{"seed":"ef04417764d50c54","results":1,"page":1,"version":"1.4"}}
[2023-04-08T23:48:16.455+0000] {taskinstance.py:1406} INFO - Marking task as SUCCESS. dag_id=api_dag, task_id=extract_user, execution_date=20230408T234810, start_date=20230408T234815, end_date=20230408T234816
[2023-04-08T23:48:16.497+0000] {local_task_job.py:164} INFO - Task exited with return code 0
[2023-04-08T23:48:16.524+0000] {local_task_job.py:273} INFO - 1 downstream tasks scheduled from follow-on schedule check
