[2023-04-08T05:46:22.313+0000] {taskinstance.py:1165} INFO - Dependencies all met for <TaskInstance: example_bash_operator.this_will_skip manual__2023-04-08T05:46:21.117491+00:00 [queued]>
[2023-04-08T05:46:22.325+0000] {taskinstance.py:1165} INFO - Dependencies all met for <TaskInstance: example_bash_operator.this_will_skip manual__2023-04-08T05:46:21.117491+00:00 [queued]>
[2023-04-08T05:46:22.329+0000] {taskinstance.py:1362} INFO - 
--------------------------------------------------------------------------------
[2023-04-08T05:46:22.331+0000] {taskinstance.py:1363} INFO - Starting attempt 1 of 1
[2023-04-08T05:46:22.332+0000] {taskinstance.py:1364} INFO - 
--------------------------------------------------------------------------------
[2023-04-08T05:46:22.353+0000] {taskinstance.py:1383} INFO - Executing <Task(BashOperator): this_will_skip> on 2023-04-08 05:46:21.117491+00:00
[2023-04-08T05:46:22.362+0000] {standard_task_runner.py:55} INFO - Started process 512 to run task
[2023-04-08T05:46:22.368+0000] {standard_task_runner.py:82} INFO - Running: ['***', 'tasks', 'run', 'example_bash_operator', 'this_will_skip', 'manual__2023-04-08T05:46:21.117491+00:00', '--job-id', '13', '--raw', '--subdir', '/home/***/.local/lib/python3.7/site-packages/***/example_dags/example_bash_operator.py', '--cfg-path', '/tmp/tmpjipmfx4g']
[2023-04-08T05:46:22.371+0000] {standard_task_runner.py:83} INFO - Job 13: Subtask this_will_skip
[2023-04-08T05:46:22.514+0000] {task_command.py:376} INFO - Running <TaskInstance: example_bash_operator.this_will_skip manual__2023-04-08T05:46:21.117491+00:00 [running]> on host c3077597e975
[2023-04-08T05:46:22.616+0000] {taskinstance.py:1592} INFO - Exporting the following env vars:
AIRFLOW_CTX_DAG_OWNER=***
AIRFLOW_CTX_DAG_ID=example_bash_operator
AIRFLOW_CTX_TASK_ID=this_will_skip
AIRFLOW_CTX_EXECUTION_DATE=2023-04-08T05:46:21.117491+00:00
AIRFLOW_CTX_TRY_NUMBER=1
AIRFLOW_CTX_DAG_RUN_ID=manual__2023-04-08T05:46:21.117491+00:00
[2023-04-08T05:46:22.621+0000] {subprocess.py:63} INFO - Tmp dir root location: 
 /tmp
[2023-04-08T05:46:22.623+0000] {subprocess.py:75} INFO - Running command: ['/bin/bash', '-c', 'echo "hello world"; exit 99;']
[2023-04-08T05:46:22.637+0000] {subprocess.py:86} INFO - Output:
[2023-04-08T05:46:22.640+0000] {subprocess.py:93} INFO - hello world
[2023-04-08T05:46:22.642+0000] {subprocess.py:97} INFO - Command exited with return code 99
[2023-04-08T05:46:22.644+0000] {taskinstance.py:1481} INFO - Bash command returned exit code 99. Skipping.
[2023-04-08T05:46:22.656+0000] {taskinstance.py:1406} INFO - Marking task as SKIPPED. dag_id=example_bash_operator, task_id=this_will_skip, execution_date=20230408T054621, start_date=20230408T054622, end_date=20230408T054622
[2023-04-08T05:46:22.710+0000] {local_task_job.py:164} INFO - Task exited with return code 0
[2023-04-08T05:46:22.756+0000] {local_task_job.py:273} INFO - 0 downstream tasks scheduled from follow-on schedule check
