[2023-04-11T00:34:09.819+0000] {taskinstance.py:1165} INFO - Dependencies all met for <TaskInstance: api_dag.extract_user scheduled__2023-04-10T00:00:00+00:00 [queued]>
[2023-04-11T00:34:09.843+0000] {taskinstance.py:1165} INFO - Dependencies all met for <TaskInstance: api_dag.extract_user scheduled__2023-04-10T00:00:00+00:00 [queued]>
[2023-04-11T00:34:09.845+0000] {taskinstance.py:1362} INFO - 
--------------------------------------------------------------------------------
[2023-04-11T00:34:09.847+0000] {taskinstance.py:1363} INFO - Starting attempt 1 of 2
[2023-04-11T00:34:09.849+0000] {taskinstance.py:1364} INFO - 
--------------------------------------------------------------------------------
[2023-04-11T00:34:09.874+0000] {taskinstance.py:1383} INFO - Executing <Task(SimpleHttpOperator): extract_user> on 2023-04-10 00:00:00+00:00
[2023-04-11T00:34:09.895+0000] {standard_task_runner.py:55} INFO - Started process 30520 to run task
[2023-04-11T00:34:09.912+0000] {standard_task_runner.py:82} INFO - Running: ['***', 'tasks', 'run', 'api_dag', 'extract_user', 'scheduled__2023-04-10T00:00:00+00:00', '--job-id', '107', '--raw', '--subdir', 'DAGS_FOLDER/api.py', '--cfg-path', '/tmp/tmp7rcww8as']
[2023-04-11T00:34:09.922+0000] {standard_task_runner.py:83} INFO - Job 107: Subtask extract_user
[2023-04-11T00:34:10.084+0000] {task_command.py:376} INFO - Running <TaskInstance: api_dag.extract_user scheduled__2023-04-10T00:00:00+00:00 [running]> on host c12a518d534c
[2023-04-11T00:34:10.208+0000] {taskinstance.py:1592} INFO - Exporting the following env vars:
AIRFLOW_CTX_DAG_OWNER=***
AIRFLOW_CTX_DAG_ID=api_dag
AIRFLOW_CTX_TASK_ID=extract_user
AIRFLOW_CTX_EXECUTION_DATE=2023-04-10T00:00:00+00:00
AIRFLOW_CTX_TRY_NUMBER=1
AIRFLOW_CTX_DAG_RUN_ID=scheduled__2023-04-10T00:00:00+00:00
[2023-04-11T00:34:10.212+0000] {http.py:121} INFO - Calling HTTP method
[2023-04-11T00:34:10.230+0000] {base.py:71} INFO - Using connection ID 'user_api' for task execution.
[2023-04-11T00:34:10.245+0000] {http.py:148} INFO - Sending 'GET' to url: https://randomuser.me/api/
[2023-04-11T00:34:10.582+0000] {http.py:125} INFO - {"results":[{"gender":"male","name":{"title":"Mr","first":"Draško","last":"Stojković"},"location":{"street":{"number":943,"name":"Dvadesetog Oktob"},"city":"Bogatić","state":"Jablanica","country":"Serbia","postcode":69110,"coordinates":{"latitude":"59.0258","longitude":"-84.2336"},"timezone":{"offset":"+5:45","description":"Kathmandu"}},"email":"drasko.stojkovic@example.com","login":{"uuid":"4cc1322a-1e97-47b0-ade8-bd3a08d190ab","username":"tinyleopard757","password":"stayout","salt":"f3JBDSc6","md5":"45c90daef2d2f47e3e2a92e21995bfba","sha1":"3a437fbf79ea5251a5e86349b2783f6325bee4d2","sha256":"dbf4106851021128bd257002bc8056ab7f442e44e931331392e4f7d80d540f13"},"dob":{"date":"1991-03-26T02:11:08.885Z","age":32},"registered":{"date":"2006-12-05T16:59:51.766Z","age":16},"phone":"015-8150-671","cell":"064-0132-722","id":{"name":"SID","value":"346032596"},"picture":{"large":"https://randomuser.me/api/portraits/men/67.jpg","medium":"https://randomuser.me/api/portraits/med/men/67.jpg","thumbnail":"https://randomuser.me/api/portraits/thumb/men/67.jpg"},"nat":"RS"}],"info":{"seed":"754be3d17031c010","results":1,"page":1,"version":"1.4"}}
[2023-04-11T00:34:10.644+0000] {taskinstance.py:1406} INFO - Marking task as SUCCESS. dag_id=api_dag, task_id=extract_user, execution_date=20230410T000000, start_date=20230411T003409, end_date=20230411T003410
[2023-04-11T00:34:10.734+0000] {local_task_job.py:164} INFO - Task exited with return code 0
[2023-04-11T00:34:10.802+0000] {local_task_job.py:273} INFO - 1 downstream tasks scheduled from follow-on schedule check
[2023-04-11T17:26:52.044+0000] {taskinstance.py:1165} INFO - Dependencies all met for <TaskInstance: api_dag.extract_user scheduled__2023-04-10T00:00:00+00:00 [queued]>
[2023-04-11T17:26:52.061+0000] {taskinstance.py:1165} INFO - Dependencies all met for <TaskInstance: api_dag.extract_user scheduled__2023-04-10T00:00:00+00:00 [queued]>
[2023-04-11T17:26:52.063+0000] {taskinstance.py:1362} INFO - 
--------------------------------------------------------------------------------
[2023-04-11T17:26:52.065+0000] {taskinstance.py:1363} INFO - Starting attempt 1 of 2
[2023-04-11T17:26:52.066+0000] {taskinstance.py:1364} INFO - 
--------------------------------------------------------------------------------
[2023-04-11T17:26:52.087+0000] {taskinstance.py:1383} INFO - Executing <Task(SimpleHttpOperator): extract_user> on 2023-04-10 00:00:00+00:00
[2023-04-11T17:26:52.095+0000] {standard_task_runner.py:55} INFO - Started process 39717 to run task
[2023-04-11T17:26:52.104+0000] {standard_task_runner.py:82} INFO - Running: ['***', 'tasks', 'run', 'api_dag', 'extract_user', 'scheduled__2023-04-10T00:00:00+00:00', '--job-id', '122', '--raw', '--subdir', 'DAGS_FOLDER/api.py', '--cfg-path', '/tmp/tmpg4se38vp']
[2023-04-11T17:26:52.109+0000] {standard_task_runner.py:83} INFO - Job 122: Subtask extract_user
[2023-04-11T17:26:52.265+0000] {task_command.py:376} INFO - Running <TaskInstance: api_dag.extract_user scheduled__2023-04-10T00:00:00+00:00 [running]> on host c12a518d534c
[2023-04-11T17:26:52.381+0000] {taskinstance.py:1592} INFO - Exporting the following env vars:
AIRFLOW_CTX_DAG_OWNER=***
AIRFLOW_CTX_DAG_ID=api_dag
AIRFLOW_CTX_TASK_ID=extract_user
AIRFLOW_CTX_EXECUTION_DATE=2023-04-10T00:00:00+00:00
AIRFLOW_CTX_TRY_NUMBER=1
AIRFLOW_CTX_DAG_RUN_ID=scheduled__2023-04-10T00:00:00+00:00
[2023-04-11T17:26:52.387+0000] {http.py:121} INFO - Calling HTTP method
[2023-04-11T17:26:52.433+0000] {base.py:71} INFO - Using connection ID 'user_api' for task execution.
[2023-04-11T17:26:52.437+0000] {http.py:148} INFO - Sending 'GET' to url: https://randomuser.me/api/
[2023-04-11T17:26:52.832+0000] {http.py:125} INFO - {"results":[{"gender":"male","name":{"title":"Monsieur","first":"Jose","last":"Mathieu"},"location":{"street":{"number":5497,"name":"Rue Chazière"},"city":"Dürrenroth","state":"St. Gallen","country":"Switzerland","postcode":2408,"coordinates":{"latitude":"-56.8216","longitude":"-118.9913"},"timezone":{"offset":"-3:00","description":"Brazil, Buenos Aires, Georgetown"}},"email":"jose.mathieu@example.com","login":{"uuid":"8a5873b0-3dff-42ec-afab-c6f92f50c421","username":"purplepanda807","password":"zippy","salt":"m189i6Yz","md5":"f665b3d63d796b6189419ac0fb141bf9","sha1":"b1a830addfa1ced12ce8d803fc58968dace6b068","sha256":"dfc2c400ba076807ce861387cd296a82024f6258114d2ebeca40c294fe64a953"},"dob":{"date":"1967-05-30T23:34:58.407Z","age":55},"registered":{"date":"2021-08-08T06:12:18.572Z","age":1},"phone":"079 307 21 14","cell":"076 513 51 75","id":{"name":"AVS","value":"756.8102.7188.01"},"picture":{"large":"https://randomuser.me/api/portraits/men/58.jpg","medium":"https://randomuser.me/api/portraits/med/men/58.jpg","thumbnail":"https://randomuser.me/api/portraits/thumb/men/58.jpg"},"nat":"CH"}],"info":{"seed":"bc7fcf5c9f95ae24","results":1,"page":1,"version":"1.4"}}
[2023-04-11T17:26:52.863+0000] {taskinstance.py:1406} INFO - Marking task as SUCCESS. dag_id=api_dag, task_id=extract_user, execution_date=20230410T000000, start_date=20230411T172652, end_date=20230411T172652
[2023-04-11T17:26:52.921+0000] {local_task_job.py:164} INFO - Task exited with return code 0
[2023-04-11T17:26:52.975+0000] {local_task_job.py:273} INFO - 1 downstream tasks scheduled from follow-on schedule check
