[2023-04-10T00:59:58.183+0000] {taskinstance.py:1165} INFO - Dependencies all met for <TaskInstance: api_dag.create_table scheduled__2023-04-09T00:00:00+00:00 [queued]>
[2023-04-10T00:59:58.195+0000] {taskinstance.py:1165} INFO - Dependencies all met for <TaskInstance: api_dag.create_table scheduled__2023-04-09T00:00:00+00:00 [queued]>
[2023-04-10T00:59:58.196+0000] {taskinstance.py:1362} INFO - 
--------------------------------------------------------------------------------
[2023-04-10T00:59:58.201+0000] {taskinstance.py:1363} INFO - Starting attempt 1 of 2
[2023-04-10T00:59:58.202+0000] {taskinstance.py:1364} INFO - 
--------------------------------------------------------------------------------
[2023-04-10T00:59:58.230+0000] {taskinstance.py:1383} INFO - Executing <Task(PostgresOperator): create_table> on 2023-04-09 00:00:00+00:00
[2023-04-10T00:59:58.242+0000] {standard_task_runner.py:55} INFO - Started process 16434 to run task
[2023-04-10T00:59:58.254+0000] {standard_task_runner.py:82} INFO - Running: ['***', 'tasks', 'run', 'api_dag', 'create_table', 'scheduled__2023-04-09T00:00:00+00:00', '--job-id', '100', '--raw', '--subdir', 'DAGS_FOLDER/api.py', '--cfg-path', '/tmp/tmpzj_d1qrk']
[2023-04-10T00:59:58.263+0000] {standard_task_runner.py:83} INFO - Job 100: Subtask create_table
[2023-04-10T00:59:58.465+0000] {task_command.py:376} INFO - Running <TaskInstance: api_dag.create_table scheduled__2023-04-09T00:00:00+00:00 [running]> on host c12a518d534c
[2023-04-10T00:59:58.659+0000] {taskinstance.py:1592} INFO - Exporting the following env vars:
AIRFLOW_CTX_DAG_OWNER=***
AIRFLOW_CTX_DAG_ID=api_dag
AIRFLOW_CTX_TASK_ID=create_table
AIRFLOW_CTX_EXECUTION_DATE=2023-04-09T00:00:00+00:00
AIRFLOW_CTX_TRY_NUMBER=1
AIRFLOW_CTX_DAG_RUN_ID=scheduled__2023-04-09T00:00:00+00:00
[2023-04-10T00:59:58.697+0000] {base.py:71} INFO - Using connection ID 'postgres' for task execution.
[2023-04-10T00:59:58.712+0000] {sql.py:315} INFO - Running statement: Drop table user_details;

CREATE TABLE IF NOT EXISTS user_details (
    firstname VARCHAR NOT NULL,
    lastname VARCHAR NOT NULL,
    country VARCHAR NOT NULL,
    username VARCHAR UNIQUE NOT NULL,
    password VARCHAR NOT NULL,
    email VARCHAR UNIQUE NOT NULL);, parameters: None
[2023-04-10T00:59:58.750+0000] {taskinstance.py:1406} INFO - Marking task as SUCCESS. dag_id=api_dag, task_id=create_table, execution_date=20230409T000000, start_date=20230410T005958, end_date=20230410T005958
[2023-04-10T00:59:58.841+0000] {local_task_job.py:164} INFO - Task exited with return code 0
[2023-04-10T00:59:58.907+0000] {local_task_job.py:273} INFO - 1 downstream tasks scheduled from follow-on schedule check
[2023-04-11T17:26:32.240+0000] {taskinstance.py:1165} INFO - Dependencies all met for <TaskInstance: api_dag.create_table scheduled__2023-04-09T00:00:00+00:00 [queued]>
[2023-04-11T17:26:32.289+0000] {taskinstance.py:1165} INFO - Dependencies all met for <TaskInstance: api_dag.create_table scheduled__2023-04-09T00:00:00+00:00 [queued]>
[2023-04-11T17:26:32.291+0000] {taskinstance.py:1362} INFO - 
--------------------------------------------------------------------------------
[2023-04-11T17:26:32.318+0000] {taskinstance.py:1363} INFO - Starting attempt 1 of 2
[2023-04-11T17:26:32.319+0000] {taskinstance.py:1364} INFO - 
--------------------------------------------------------------------------------
[2023-04-11T17:26:32.355+0000] {taskinstance.py:1383} INFO - Executing <Task(PostgresOperator): create_table> on 2023-04-09 00:00:00+00:00
[2023-04-11T17:26:32.373+0000] {standard_task_runner.py:55} INFO - Started process 39667 to run task
[2023-04-11T17:26:32.390+0000] {standard_task_runner.py:82} INFO - Running: ['***', 'tasks', 'run', 'api_dag', 'create_table', 'scheduled__2023-04-09T00:00:00+00:00', '--job-id', '111', '--raw', '--subdir', 'DAGS_FOLDER/api.py', '--cfg-path', '/tmp/tmp3nbu12ok']
[2023-04-11T17:26:32.394+0000] {standard_task_runner.py:83} INFO - Job 111: Subtask create_table
[2023-04-11T17:26:32.903+0000] {task_command.py:376} INFO - Running <TaskInstance: api_dag.create_table scheduled__2023-04-09T00:00:00+00:00 [running]> on host c12a518d534c
[2023-04-11T17:26:33.221+0000] {taskinstance.py:1592} INFO - Exporting the following env vars:
AIRFLOW_CTX_DAG_OWNER=***
AIRFLOW_CTX_DAG_ID=api_dag
AIRFLOW_CTX_TASK_ID=create_table
AIRFLOW_CTX_EXECUTION_DATE=2023-04-09T00:00:00+00:00
AIRFLOW_CTX_TRY_NUMBER=1
AIRFLOW_CTX_DAG_RUN_ID=scheduled__2023-04-09T00:00:00+00:00
[2023-04-11T17:26:33.269+0000] {base.py:71} INFO - Using connection ID 'postgres' for task execution.
[2023-04-11T17:26:33.282+0000] {sql.py:315} INFO - Running statement: Drop table user_details;

CREATE TABLE IF NOT EXISTS user_details (
    firstname VARCHAR NOT NULL,
    lastname VARCHAR NOT NULL,
    country VARCHAR NOT NULL,
    username VARCHAR UNIQUE NOT NULL,
    password VARCHAR NOT NULL,
    email VARCHAR UNIQUE NOT NULL);, parameters: None
[2023-04-11T17:26:33.356+0000] {taskinstance.py:1406} INFO - Marking task as SUCCESS. dag_id=api_dag, task_id=create_table, execution_date=20230409T000000, start_date=20230411T172632, end_date=20230411T172633
[2023-04-11T17:26:33.488+0000] {local_task_job.py:164} INFO - Task exited with return code 0
[2023-04-11T17:26:33.602+0000] {local_task_job.py:273} INFO - 1 downstream tasks scheduled from follow-on schedule check
