[2023-04-08T05:45:18.693+0000] {taskinstance.py:1165} INFO - Dependencies all met for <TaskInstance: example_bash_operator.run_after_loop scheduled__2023-04-07T00:00:00+00:00 [queued]>
[2023-04-08T05:45:18.704+0000] {taskinstance.py:1165} INFO - Dependencies all met for <TaskInstance: example_bash_operator.run_after_loop scheduled__2023-04-07T00:00:00+00:00 [queued]>
[2023-04-08T05:45:18.705+0000] {taskinstance.py:1362} INFO - 
--------------------------------------------------------------------------------
[2023-04-08T05:45:18.706+0000] {taskinstance.py:1363} INFO - Starting attempt 1 of 1
[2023-04-08T05:45:18.707+0000] {taskinstance.py:1364} INFO - 
--------------------------------------------------------------------------------
[2023-04-08T05:45:18.717+0000] {taskinstance.py:1383} INFO - Executing <Task(BashOperator): run_after_loop> on 2023-04-07 00:00:00+00:00
[2023-04-08T05:45:18.723+0000] {standard_task_runner.py:55} INFO - Started process 446 to run task
[2023-04-08T05:45:18.727+0000] {standard_task_runner.py:82} INFO - Running: ['***', 'tasks', 'run', 'example_bash_operator', 'run_after_loop', 'scheduled__2023-04-07T00:00:00+00:00', '--job-id', '8', '--raw', '--subdir', '/home/***/.local/lib/python3.7/site-packages/***/example_dags/example_bash_operator.py', '--cfg-path', '/tmp/tmpu76e90i3']
[2023-04-08T05:45:18.728+0000] {standard_task_runner.py:83} INFO - Job 8: Subtask run_after_loop
[2023-04-08T05:45:18.787+0000] {task_command.py:376} INFO - Running <TaskInstance: example_bash_operator.run_after_loop scheduled__2023-04-07T00:00:00+00:00 [running]> on host c3077597e975
[2023-04-08T05:45:18.838+0000] {taskinstance.py:1592} INFO - Exporting the following env vars:
AIRFLOW_CTX_DAG_OWNER=***
AIRFLOW_CTX_DAG_ID=example_bash_operator
AIRFLOW_CTX_TASK_ID=run_after_loop
AIRFLOW_CTX_EXECUTION_DATE=2023-04-07T00:00:00+00:00
AIRFLOW_CTX_TRY_NUMBER=1
AIRFLOW_CTX_DAG_RUN_ID=scheduled__2023-04-07T00:00:00+00:00
[2023-04-08T05:45:18.840+0000] {subprocess.py:63} INFO - Tmp dir root location: 
 /tmp
[2023-04-08T05:45:18.842+0000] {subprocess.py:75} INFO - Running command: ['/bin/bash', '-c', 'echo 1']
[2023-04-08T05:45:18.852+0000] {subprocess.py:86} INFO - Output:
[2023-04-08T05:45:18.855+0000] {subprocess.py:93} INFO - 1
[2023-04-08T05:45:18.856+0000] {subprocess.py:97} INFO - Command exited with return code 0
[2023-04-08T05:45:18.879+0000] {taskinstance.py:1406} INFO - Marking task as SUCCESS. dag_id=example_bash_operator, task_id=run_after_loop, execution_date=20230407T000000, start_date=20230408T054518, end_date=20230408T054518
[2023-04-08T05:45:18.899+0000] {local_task_job.py:164} INFO - Task exited with return code 0
[2023-04-08T05:45:18.915+0000] {local_task_job.py:273} INFO - 0 downstream tasks scheduled from follow-on schedule check
