[2023-04-08T18:15:00.549+0000] {taskinstance.py:1165} INFO - Dependencies all met for <TaskInstance: create_postgres_table.create_table manual__2023-04-08T18:09:57.900118+00:00 [queued]>
[2023-04-08T18:15:00.556+0000] {taskinstance.py:1165} INFO - Dependencies all met for <TaskInstance: create_postgres_table.create_table manual__2023-04-08T18:09:57.900118+00:00 [queued]>
[2023-04-08T18:15:00.557+0000] {taskinstance.py:1362} INFO - 
--------------------------------------------------------------------------------
[2023-04-08T18:15:00.558+0000] {taskinstance.py:1363} INFO - Starting attempt 2 of 2
[2023-04-08T18:15:00.559+0000] {taskinstance.py:1364} INFO - 
--------------------------------------------------------------------------------
[2023-04-08T18:15:00.573+0000] {taskinstance.py:1383} INFO - Executing <Task(PostgresOperator): create_table> on 2023-04-08 18:09:57.900118+00:00
[2023-04-08T18:15:00.578+0000] {standard_task_runner.py:55} INFO - Started process 2969 to run task
[2023-04-08T18:15:00.582+0000] {standard_task_runner.py:82} INFO - Running: ['***', 'tasks', 'run', 'create_postgres_table', 'create_table', 'manual__2023-04-08T18:09:57.900118+00:00', '--job-id', '10', '--raw', '--subdir', 'DAGS_FOLDER/create_table.py', '--cfg-path', '/tmp/tmp9nbbj8n7']
[2023-04-08T18:15:00.583+0000] {standard_task_runner.py:83} INFO - Job 10: Subtask create_table
[2023-04-08T18:15:00.647+0000] {task_command.py:376} INFO - Running <TaskInstance: create_postgres_table.create_table manual__2023-04-08T18:09:57.900118+00:00 [running]> on host d92f0c929be4
[2023-04-08T18:15:00.698+0000] {taskinstance.py:1592} INFO - Exporting the following env vars:
AIRFLOW_CTX_DAG_OWNER=***
AIRFLOW_CTX_DAG_ID=create_postgres_table
AIRFLOW_CTX_TASK_ID=create_table
AIRFLOW_CTX_EXECUTION_DATE=2023-04-08T18:09:57.900118+00:00
AIRFLOW_CTX_TRY_NUMBER=2
AIRFLOW_CTX_DAG_RUN_ID=manual__2023-04-08T18:09:57.900118+00:00
[2023-04-08T18:15:00.708+0000] {base.py:71} INFO - Using connection ID 'postgres' for task execution.
[2023-04-08T18:15:00.718+0000] {sql.py:315} INFO - Running statement: CREATE TABLE IF NOT EXISTS users (
    id SERIAL PRIMARY KEY,
    firstname VARCHAR NOT NULL,
    lastname VARCHAR NOT NULL,
    country VARCHAR NOT NULL,
    username VARCHAR UNIQUE NOT NULL,
    password VARCHAR NOT NULL,
    email VARCHAR UNIQUE NOT NULL);, parameters: None
[2023-04-08T18:15:00.742+0000] {taskinstance.py:1406} INFO - Marking task as SUCCESS. dag_id=create_postgres_table, task_id=create_table, execution_date=20230408T180957, start_date=20230408T181500, end_date=20230408T181500
[2023-04-08T18:15:00.794+0000] {local_task_job.py:164} INFO - Task exited with return code 0
[2023-04-08T18:15:00.809+0000] {local_task_job.py:273} INFO - 0 downstream tasks scheduled from follow-on schedule check
