[2023-04-08T05:46:22.291+0000] {taskinstance.py:1165} INFO - Dependencies all met for <TaskInstance: example_bash_operator.also_run_this manual__2023-04-08T05:46:21.117491+00:00 [queued]>
[2023-04-08T05:46:22.305+0000] {taskinstance.py:1165} INFO - Dependencies all met for <TaskInstance: example_bash_operator.also_run_this manual__2023-04-08T05:46:21.117491+00:00 [queued]>
[2023-04-08T05:46:22.307+0000] {taskinstance.py:1362} INFO - 
--------------------------------------------------------------------------------
[2023-04-08T05:46:22.309+0000] {taskinstance.py:1363} INFO - Starting attempt 1 of 1
[2023-04-08T05:46:22.310+0000] {taskinstance.py:1364} INFO - 
--------------------------------------------------------------------------------
[2023-04-08T05:46:22.324+0000] {taskinstance.py:1383} INFO - Executing <Task(BashOperator): also_run_this> on 2023-04-08 05:46:21.117491+00:00
[2023-04-08T05:46:22.343+0000] {standard_task_runner.py:55} INFO - Started process 511 to run task
[2023-04-08T05:46:22.350+0000] {standard_task_runner.py:82} INFO - Running: ['***', 'tasks', 'run', 'example_bash_operator', 'also_run_this', 'manual__2023-04-08T05:46:21.117491+00:00', '--job-id', '12', '--raw', '--subdir', '/home/***/.local/lib/python3.7/site-packages/***/example_dags/example_bash_operator.py', '--cfg-path', '/tmp/tmp5wy3pzo1']
[2023-04-08T05:46:22.354+0000] {standard_task_runner.py:83} INFO - Job 12: Subtask also_run_this
[2023-04-08T05:46:22.521+0000] {task_command.py:376} INFO - Running <TaskInstance: example_bash_operator.also_run_this manual__2023-04-08T05:46:21.117491+00:00 [running]> on host c3077597e975
[2023-04-08T05:46:22.635+0000] {taskinstance.py:1592} INFO - Exporting the following env vars:
AIRFLOW_CTX_DAG_OWNER=***
AIRFLOW_CTX_DAG_ID=example_bash_operator
AIRFLOW_CTX_TASK_ID=also_run_this
AIRFLOW_CTX_EXECUTION_DATE=2023-04-08T05:46:21.117491+00:00
AIRFLOW_CTX_TRY_NUMBER=1
AIRFLOW_CTX_DAG_RUN_ID=manual__2023-04-08T05:46:21.117491+00:00
[2023-04-08T05:46:22.637+0000] {subprocess.py:63} INFO - Tmp dir root location: 
 /tmp
[2023-04-08T05:46:22.641+0000] {subprocess.py:75} INFO - Running command: ['/bin/bash', '-c', 'echo "ti_key=example_bash_operator__also_run_this__20230408"']
[2023-04-08T05:46:22.652+0000] {subprocess.py:86} INFO - Output:
[2023-04-08T05:46:22.655+0000] {subprocess.py:93} INFO - ti_key=example_bash_operator__also_run_this__20230408
[2023-04-08T05:46:22.656+0000] {subprocess.py:97} INFO - Command exited with return code 0
[2023-04-08T05:46:22.687+0000] {taskinstance.py:1406} INFO - Marking task as SUCCESS. dag_id=example_bash_operator, task_id=also_run_this, execution_date=20230408T054621, start_date=20230408T054622, end_date=20230408T054622
[2023-04-08T05:46:22.730+0000] {local_task_job.py:164} INFO - Task exited with return code 0
[2023-04-08T05:46:22.765+0000] {local_task_job.py:273} INFO - 0 downstream tasks scheduled from follow-on schedule check
