[2023-04-09T00:34:58.577+0000] {taskinstance.py:1165} INFO - Dependencies all met for <TaskInstance: api_dag.extract_user manual__2023-04-09T00:34:55.205875+00:00 [queued]>
[2023-04-09T00:34:58.585+0000] {taskinstance.py:1165} INFO - Dependencies all met for <TaskInstance: api_dag.extract_user manual__2023-04-09T00:34:55.205875+00:00 [queued]>
[2023-04-09T00:34:58.586+0000] {taskinstance.py:1362} INFO - 
--------------------------------------------------------------------------------
[2023-04-09T00:34:58.587+0000] {taskinstance.py:1363} INFO - Starting attempt 1 of 2
[2023-04-09T00:34:58.588+0000] {taskinstance.py:1364} INFO - 
--------------------------------------------------------------------------------
[2023-04-09T00:34:58.595+0000] {taskinstance.py:1383} INFO - Executing <Task(SimpleHttpOperator): extract_user> on 2023-04-09 00:34:55.205875+00:00
[2023-04-09T00:34:58.601+0000] {standard_task_runner.py:55} INFO - Started process 9814 to run task
[2023-04-09T00:34:58.605+0000] {standard_task_runner.py:82} INFO - Running: ['***', 'tasks', 'run', 'api_dag', 'extract_user', 'manual__2023-04-09T00:34:55.205875+00:00', '--job-id', '73', '--raw', '--subdir', 'DAGS_FOLDER/api.py', '--cfg-path', '/tmp/tmp8nsphtsh']
[2023-04-09T00:34:58.607+0000] {standard_task_runner.py:83} INFO - Job 73: Subtask extract_user
[2023-04-09T00:34:58.691+0000] {task_command.py:376} INFO - Running <TaskInstance: api_dag.extract_user manual__2023-04-09T00:34:55.205875+00:00 [running]> on host c12a518d534c
[2023-04-09T00:34:58.742+0000] {taskinstance.py:1592} INFO - Exporting the following env vars:
AIRFLOW_CTX_DAG_OWNER=***
AIRFLOW_CTX_DAG_ID=api_dag
AIRFLOW_CTX_TASK_ID=extract_user
AIRFLOW_CTX_EXECUTION_DATE=2023-04-09T00:34:55.205875+00:00
AIRFLOW_CTX_TRY_NUMBER=1
AIRFLOW_CTX_DAG_RUN_ID=manual__2023-04-09T00:34:55.205875+00:00
[2023-04-09T00:34:58.743+0000] {http.py:121} INFO - Calling HTTP method
[2023-04-09T00:34:58.753+0000] {base.py:71} INFO - Using connection ID 'user_api' for task execution.
[2023-04-09T00:34:58.755+0000] {http.py:148} INFO - Sending 'GET' to url: https://randomuser.me/api/
[2023-04-09T00:34:58.958+0000] {http.py:125} INFO - {"results":[{"gender":"male","name":{"title":"Mr","first":"Taha","last":"Haave"},"location":{"street":{"number":4606,"name":"Kringveien"},"city":"Lysthaugen","state":"Oppland","country":"Norway","postcode":"2602","coordinates":{"latitude":"41.3163","longitude":"-166.9635"},"timezone":{"offset":"+6:00","description":"Almaty, Dhaka, Colombo"}},"email":"taha.haave@example.com","login":{"uuid":"d6c77783-9053-486c-b9dd-42d1bd6464ca","username":"smallsnake328","password":"magpies","salt":"KbxmGAWn","md5":"e6582107752ce4ddc126daea14415bf1","sha1":"170b3b855b8303b6aaa5c43d03c33e3308266f0a","sha256":"0c760da3a7883fa89db0b91aca0eae39054106bd56b97b86a6bf8f7d1d00b9be"},"dob":{"date":"1953-09-03T10:54:02.892Z","age":69},"registered":{"date":"2019-10-23T19:04:12.403Z","age":3},"phone":"78333276","cell":"92589536","id":{"name":"FN","value":"03095316955"},"picture":{"large":"https://randomuser.me/api/portraits/men/12.jpg","medium":"https://randomuser.me/api/portraits/med/men/12.jpg","thumbnail":"https://randomuser.me/api/portraits/thumb/men/12.jpg"},"nat":"NO"}],"info":{"seed":"91381da1ec6c4ba5","results":1,"page":1,"version":"1.4"}}
[2023-04-09T00:34:58.981+0000] {taskinstance.py:1406} INFO - Marking task as SUCCESS. dag_id=api_dag, task_id=extract_user, execution_date=20230409T003455, start_date=20230409T003458, end_date=20230409T003458
[2023-04-09T00:34:59.019+0000] {local_task_job.py:164} INFO - Task exited with return code 0
[2023-04-09T00:34:59.048+0000] {local_task_job.py:273} INFO - 0 downstream tasks scheduled from follow-on schedule check
