[2023-04-09T00:33:18.805+0000] {taskinstance.py:1165} INFO - Dependencies all met for <TaskInstance: api_dag.extract_user manual__2023-04-09T00:28:13.687031+00:00 [queued]>
[2023-04-09T00:33:18.813+0000] {taskinstance.py:1165} INFO - Dependencies all met for <TaskInstance: api_dag.extract_user manual__2023-04-09T00:28:13.687031+00:00 [queued]>
[2023-04-09T00:33:18.815+0000] {taskinstance.py:1362} INFO - 
--------------------------------------------------------------------------------
[2023-04-09T00:33:18.816+0000] {taskinstance.py:1363} INFO - Starting attempt 1 of 2
[2023-04-09T00:33:18.817+0000] {taskinstance.py:1364} INFO - 
--------------------------------------------------------------------------------
[2023-04-09T00:33:18.826+0000] {taskinstance.py:1383} INFO - Executing <Task(SimpleHttpOperator): extract_user> on 2023-04-09 00:28:13.687031+00:00
[2023-04-09T00:33:18.834+0000] {standard_task_runner.py:55} INFO - Started process 9706 to run task
[2023-04-09T00:33:18.838+0000] {standard_task_runner.py:82} INFO - Running: ['***', 'tasks', 'run', 'api_dag', 'extract_user', 'manual__2023-04-09T00:28:13.687031+00:00', '--job-id', '64', '--raw', '--subdir', 'DAGS_FOLDER/api.py', '--cfg-path', '/tmp/tmpkjhsa05q']
[2023-04-09T00:33:18.841+0000] {standard_task_runner.py:83} INFO - Job 64: Subtask extract_user
[2023-04-09T00:33:18.899+0000] {task_command.py:376} INFO - Running <TaskInstance: api_dag.extract_user manual__2023-04-09T00:28:13.687031+00:00 [running]> on host c12a518d534c
[2023-04-09T00:33:18.949+0000] {taskinstance.py:1592} INFO - Exporting the following env vars:
AIRFLOW_CTX_DAG_OWNER=***
AIRFLOW_CTX_DAG_ID=api_dag
AIRFLOW_CTX_TASK_ID=extract_user
AIRFLOW_CTX_EXECUTION_DATE=2023-04-09T00:28:13.687031+00:00
AIRFLOW_CTX_TRY_NUMBER=1
AIRFLOW_CTX_DAG_RUN_ID=manual__2023-04-09T00:28:13.687031+00:00
[2023-04-09T00:33:18.951+0000] {http.py:121} INFO - Calling HTTP method
[2023-04-09T00:33:18.965+0000] {base.py:71} INFO - Using connection ID 'user_api' for task execution.
[2023-04-09T00:33:18.967+0000] {http.py:148} INFO - Sending 'GET' to url: https://randomuser.me/api/
[2023-04-09T00:33:19.198+0000] {http.py:125} INFO - {"results":[{"gender":"female","name":{"title":"Miss","first":"Marie","last":"Hale"},"location":{"street":{"number":2089,"name":"The Crescent"},"city":"Coventry","state":"Cambridgeshire","country":"United Kingdom","postcode":"CJ1 0LL","coordinates":{"latitude":"-6.5949","longitude":"115.1453"},"timezone":{"offset":"+9:30","description":"Adelaide, Darwin"}},"email":"marie.hale@example.com","login":{"uuid":"a50e3d31-5ea7-4733-8d4e-165c553769d2","username":"whitebutterfly450","password":"crow","salt":"6PCDmnr1","md5":"826213fb20747e5102dbb57dc4fd6f40","sha1":"38dc01945752ecb3f10e0e9445276fd616fe07fa","sha256":"9c4dad2f6b2977a02e7aad17210dcf9a1cd562fe17d7fd5c525dec71bc099b4d"},"dob":{"date":"1963-04-13T17:34:52.706Z","age":59},"registered":{"date":"2017-08-06T22:05:12.956Z","age":5},"phone":"015396 60200","cell":"07370 262431","id":{"name":"NINO","value":"XE 61 07 89 G"},"picture":{"large":"https://randomuser.me/api/portraits/women/34.jpg","medium":"https://randomuser.me/api/portraits/med/women/34.jpg","thumbnail":"https://randomuser.me/api/portraits/thumb/women/34.jpg"},"nat":"GB"}],"info":{"seed":"29ac5cf25d8727eb","results":1,"page":1,"version":"1.4"}}
[2023-04-09T00:33:19.236+0000] {taskinstance.py:1406} INFO - Marking task as SUCCESS. dag_id=api_dag, task_id=extract_user, execution_date=20230409T002813, start_date=20230409T003318, end_date=20230409T003319
[2023-04-09T00:33:19.269+0000] {local_task_job.py:164} INFO - Task exited with return code 0
[2023-04-09T00:33:19.292+0000] {local_task_job.py:273} INFO - 1 downstream tasks scheduled from follow-on schedule check
